

================================================================
== Vivado HLS Report for 'base_add'
================================================================
* Date:           Sun May 24 20:08:51 2026

* Version:        2018.2 (Build 2258646 on Thu Jun 14 20:25:20 MDT 2018)
* Project:        base_add_prj
* Solution:       solution1
* Product family: zynq
* Target device:  xc7z020clg400-1


================================================================
== Performance Estimates
================================================================
+ Timing (ns): 
    * Summary: 
    +--------+-------+----------+------------+
    |  Clock | Target| Estimated| Uncertainty|
    +--------+-------+----------+------------+
    |ap_clk  |  10.00|     8.750|        1.25|
    +--------+-------+----------+------------+

+ Latency (clock cycles): 
    * Summary: 
    +-----+--------+-----+--------+---------+
    |    Latency   |   Interval   | Pipeline|
    | min |   max  | min |   max  |   Type  |
    +-----+--------+-----+--------+---------+
    |   11|  131081|   11|  131081|   none  |
    +-----+--------+-----+--------+---------+

    + Detail: 
        * Instance: 
        N/A

        * Loop: 
        +----------+-----+--------+----------+-----------+-----------+-----------+----------+
        |          |    Latency   | Iteration|  Initiation Interval  |    Trip   |          |
        | Loop Name| min |   max  |  Latency |  achieved |   target  |   Count   | Pipelined|
        +----------+-----+--------+----------+-----------+-----------+-----------+----------+
        |- Loop 1  |    9|  131079|        10|          2|          1| 1 ~ 65536 |    yes   |
        +----------+-----+--------+----------+-----------+-----------+-----------+----------+



================================================================
== Utilization Estimates
================================================================
* Summary: 
+-----------------+---------+-------+--------+-------+
|       Name      | BRAM_18K| DSP48E|   FF   |  LUT  |
+-----------------+---------+-------+--------+-------+
|DSP              |        -|      -|       -|      -|
|Expression       |        -|      -|       0|    309|
|FIFO             |        -|      -|       -|      -|
|Instance         |        2|      -|     662|    812|
|Memory           |        -|      -|       -|      -|
|Multiplexer      |        -|      -|       -|    201|
|Register         |        0|      -|     324|     32|
+-----------------+---------+-------+--------+-------+
|Total            |        2|      0|     986|   1354|
+-----------------+---------+-------+--------+-------+
|Available        |      280|    220|  106400|  53200|
+-----------------+---------+-------+--------+-------+
|Utilization (%)  |    ~0   |      0|   ~0   |      2|
+-----------------+---------+-------+--------+-------+

+ Detail: 
    * Instance: 
    +-----------------------+---------------------+---------+-------+-----+-----+
    |        Instance       |        Module       | BRAM_18K| DSP48E|  FF | LUT |
    +-----------------------+---------------------+---------+-------+-----+-----+
    |base_add_CTRL_s_axi_U  |base_add_CTRL_s_axi  |        0|      0|  150|  232|
    |base_add_GMEM_m_axi_U  |base_add_GMEM_m_axi  |        2|      0|  512|  580|
    +-----------------------+---------------------+---------+-------+-----+-----+
    |Total                  |                     |        2|      0|  662|  812|
    +-----------------------+---------------------+---------+-------+-----+-----+

    * DSP48: 
    N/A

    * Memory: 
    N/A

    * FIFO: 
    N/A

    * Expression: 
    +------------------------------------+----------+-------+---+----+------------+------------+
    |            Variable Name           | Operation| DSP48E| FF| LUT| Bitwidth P0| Bitwidth P1|
    +------------------------------------+----------+-------+---+----+------------+------------+
    |buffer2_sum3_fu_347_p2              |     +    |      0|  0|  38|          31|          31|
    |buffer2_sum_fu_260_p2               |     +    |      0|  0|  38|          31|          31|
    |i_1_fu_250_p2                       |     +    |      0|  0|  24|          17|           1|
    |ap_block_pp0_stage1_01001           |    and   |      0|  0|   2|           1|           1|
    |ap_block_state10_pp0_stage0_iter4   |    and   |      0|  0|   2|           1|           1|
    |ap_block_state11_pp0_stage1_iter4   |    and   |      0|  0|   2|           1|           1|
    |ap_block_state4_io                  |    and   |      0|  0|   2|           1|           1|
    |ap_block_state4_pp0_stage0_iter1    |    and   |      0|  0|   2|           1|           1|
    |ap_block_state6_io                  |    and   |      0|  0|   2|           1|           1|
    |ap_condition_469                    |    and   |      0|  0|   2|           1|           1|
    |ap_condition_486                    |    and   |      0|  0|   2|           1|           1|
    |ap_condition_658                    |    and   |      0|  0|   2|           1|           1|
    |ap_condition_662                    |    and   |      0|  0|   2|           1|           1|
    |ap_predicate_op50_read_state4       |    and   |      0|  0|   2|           1|           1|
    |sample_stream_V_V_0_load_A          |    and   |      0|  0|   2|           1|           1|
    |sample_stream_V_V_0_load_B          |    and   |      0|  0|   2|           1|           1|
    |exitcond_fu_245_p2                  |   icmp   |      0|  0|  18|          17|          17|
    |sample_stream_V_V_0_state_cmp_full  |   icmp   |      0|  0|   8|           2|           1|
    |tmp_1_fu_225_p2                     |   icmp   |      0|  0|  18|          31|          17|
    |tmp_2_fu_239_p2                     |   icmp   |      0|  0|  18|          32|           1|
    |tmp_fu_203_p2                       |   icmp   |      0|  0|  18|          32|           1|
    |ap_block_pp0_stage0_01001           |    or    |      0|  0|   2|           1|           1|
    |ap_block_pp0_stage0_11001           |    or    |      0|  0|   2|           1|           1|
    |ap_block_pp0_stage1_11001           |    or    |      0|  0|   2|           1|           1|
    |ap_block_state5_io                  |    or    |      0|  0|   2|           1|           1|
    |n_1_fu_231_p3                       |  select  |      0|  0|  18|           1|          18|
    |p_sample_count_fu_213_p3            |  select  |      0|  0|  31|           1|           1|
    |tri_3_fu_291_p3                     |  select  |      0|  0|  12|           1|          12|
    |ap_enable_pp0                       |    xor   |      0|  0|   2|           1|           2|
    |ap_enable_reg_pp0_iter1             |    xor   |      0|  0|   2|           2|           1|
    |tmp_5_fu_337_p2                     |    xor   |      0|  0|  18|          17|          18|
    |tri_1_fu_285_p2                     |    xor   |      0|  0|  12|          12|           6|
    +------------------------------------+----------+-------+---+----+------------+------------+
    |Total                               |          |      0|  0| 309|         245|         175|
    +------------------------------------+----------+-------+---+----+------------+------------+

    * Multiplexer: 
    +----------------------------------+----+-----------+-----+-----------+
    |               Name               | LUT| Input Size| Bits| Total Bits|
    +----------------------------------+----+-----------+-----+-----------+
    |GMEM_AWADDR                       |  15|          3|   32|         96|
    |GMEM_WDATA                        |  15|          3|   32|         96|
    |GMEM_blk_n_AW                     |   9|          2|    1|          2|
    |GMEM_blk_n_B                      |   9|          2|    1|          2|
    |GMEM_blk_n_W                      |   9|          2|    1|          2|
    |ap_NS_fsm                         |  27|          5|    1|          5|
    |ap_enable_reg_pp0_iter1           |   9|          2|    1|          2|
    |ap_enable_reg_pp0_iter4           |   9|          2|    1|          2|
    |ap_phi_mux_i_phi_fu_162_p4        |   9|          2|   17|         34|
    |ap_phi_reg_pp0_iter1_ch2_reg_179  |  15|          3|   12|         36|
    |ap_phi_reg_pp0_iter1_ch_reg_170   |  15|          3|   12|         36|
    |ap_sig_ioackin_GMEM_AWREADY       |   9|          2|    1|          2|
    |ap_sig_ioackin_GMEM_WREADY        |   9|          2|    1|          2|
    |i_reg_158                         |   9|          2|   17|         34|
    |sample_stream_V_V_0_data_out      |   9|          2|   32|         64|
    |sample_stream_V_V_0_state         |  15|          3|    2|          6|
    |sample_stream_V_V_TDATA_blk_n     |   9|          2|    1|          2|
    +----------------------------------+----+-----------+-----+-----------+
    |Total                             | 201|         42|  165|        423|
    +----------------------------------+----+-----------+-----+-----------+

    * Register: 
    +----------------------------------+----+----+-----+-----------+
    |               Name               | FF | LUT| Bits| Const Bits|
    +----------------------------------+----+----+-----+-----------+
    |ap_CS_fsm                         |   4|   0|    4|          0|
    |ap_enable_reg_pp0_iter0           |   1|   0|    1|          0|
    |ap_enable_reg_pp0_iter1           |   1|   0|    1|          0|
    |ap_enable_reg_pp0_iter2           |   1|   0|    1|          0|
    |ap_enable_reg_pp0_iter3           |   1|   0|    1|          0|
    |ap_enable_reg_pp0_iter4           |   1|   0|    1|          0|
    |ap_phi_reg_pp0_iter1_ch2_reg_179  |  12|   0|   12|          0|
    |ap_phi_reg_pp0_iter1_ch_reg_170   |  12|   0|   12|          0|
    |ap_reg_ioackin_GMEM_AWREADY       |   1|   0|    1|          0|
    |ap_reg_ioackin_GMEM_WREADY        |   1|   0|    1|          0|
    |buffer2_sum3_reg_427              |  31|   0|   31|          0|
    |buffer2_sum_reg_396               |  31|   0|   31|          0|
    |ch2_reg_179                       |  12|   0|   12|          0|
    |exitcond_reg_387                  |   1|   0|    1|          0|
    |i_1_reg_391                       |  17|   0|   17|          0|
    |i_reg_158                         |  17|   0|   17|          0|
    |n_1_reg_378                       |  17|   0|   17|          0|
    |sample_stream_V_V_0_payload_A     |  32|   0|   32|          0|
    |sample_stream_V_V_0_payload_B     |  32|   0|   32|          0|
    |sample_stream_V_V_0_sel_rd        |   1|   0|    1|          0|
    |sample_stream_V_V_0_sel_wr        |   1|   0|    1|          0|
    |sample_stream_V_V_0_state         |   2|   0|    2|          0|
    |tmp_2_reg_383                     |   1|   0|    1|          0|
    |tmp_3_cast_reg_372                |  30|   0|   31|          1|
    |exitcond_reg_387                  |  64|  32|    1|          0|
    +----------------------------------+----+----+-----+-----------+
    |Total                             | 324|  32|  262|          1|
    +----------------------------------+----+----+-----+-----------+



================================================================
== Interface
================================================================
* Summary: 
+--------------------------+-----+-----+------------+-------------------+--------------+
|         RTL Ports        | Dir | Bits|  Protocol  |   Source Object   |    C Type    |
+--------------------------+-----+-----+------------+-------------------+--------------+
|s_axi_CTRL_AWVALID        |  in |    1|    s_axi   |        CTRL       |    scalar    |
|s_axi_CTRL_AWREADY        | out |    1|    s_axi   |        CTRL       |    scalar    |
|s_axi_CTRL_AWADDR         |  in |    6|    s_axi   |        CTRL       |    scalar    |
|s_axi_CTRL_WVALID         |  in |    1|    s_axi   |        CTRL       |    scalar    |
|s_axi_CTRL_WREADY         | out |    1|    s_axi   |        CTRL       |    scalar    |
|s_axi_CTRL_WDATA          |  in |   32|    s_axi   |        CTRL       |    scalar    |
|s_axi_CTRL_WSTRB          |  in |    4|    s_axi   |        CTRL       |    scalar    |
|s_axi_CTRL_ARVALID        |  in |    1|    s_axi   |        CTRL       |    scalar    |
|s_axi_CTRL_ARREADY        | out |    1|    s_axi   |        CTRL       |    scalar    |
|s_axi_CTRL_ARADDR         |  in |    6|    s_axi   |        CTRL       |    scalar    |
|s_axi_CTRL_RVALID         | out |    1|    s_axi   |        CTRL       |    scalar    |
|s_axi_CTRL_RREADY         |  in |    1|    s_axi   |        CTRL       |    scalar    |
|s_axi_CTRL_RDATA          | out |   32|    s_axi   |        CTRL       |    scalar    |
|s_axi_CTRL_RRESP          | out |    2|    s_axi   |        CTRL       |    scalar    |
|s_axi_CTRL_BVALID         | out |    1|    s_axi   |        CTRL       |    scalar    |
|s_axi_CTRL_BREADY         |  in |    1|    s_axi   |        CTRL       |    scalar    |
|s_axi_CTRL_BRESP          | out |    2|    s_axi   |        CTRL       |    scalar    |
|ap_clk                    |  in |    1| ap_ctrl_hs |      base_add     | return value |
|ap_rst_n                  |  in |    1| ap_ctrl_hs |      base_add     | return value |
|interrupt                 | out |    1| ap_ctrl_hs |      base_add     | return value |
|m_axi_GMEM_AWVALID        | out |    1|    m_axi   |        GMEM       |    pointer   |
|m_axi_GMEM_AWREADY        |  in |    1|    m_axi   |        GMEM       |    pointer   |
|m_axi_GMEM_AWADDR         | out |   32|    m_axi   |        GMEM       |    pointer   |
|m_axi_GMEM_AWID           | out |    1|    m_axi   |        GMEM       |    pointer   |
|m_axi_GMEM_AWLEN          | out |    8|    m_axi   |        GMEM       |    pointer   |
|m_axi_GMEM_AWSIZE         | out |    3|    m_axi   |        GMEM       |    pointer   |
|m_axi_GMEM_AWBURST        | out |    2|    m_axi   |        GMEM       |    pointer   |
|m_axi_GMEM_AWLOCK         | out |    2|    m_axi   |        GMEM       |    pointer   |
|m_axi_GMEM_AWCACHE        | out |    4|    m_axi   |        GMEM       |    pointer   |
|m_axi_GMEM_AWPROT         | out |    3|    m_axi   |        GMEM       |    pointer   |
|m_axi_GMEM_AWQOS          | out |    4|    m_axi   |        GMEM       |    pointer   |
|m_axi_GMEM_AWREGION       | out |    4|    m_axi   |        GMEM       |    pointer   |
|m_axi_GMEM_AWUSER         | out |    1|    m_axi   |        GMEM       |    pointer   |
|m_axi_GMEM_WVALID         | out |    1|    m_axi   |        GMEM       |    pointer   |
|m_axi_GMEM_WREADY         |  in |    1|    m_axi   |        GMEM       |    pointer   |
|m_axi_GMEM_WDATA          | out |   32|    m_axi   |        GMEM       |    pointer   |
|m_axi_GMEM_WSTRB          | out |    4|    m_axi   |        GMEM       |    pointer   |
|m_axi_GMEM_WLAST          | out |    1|    m_axi   |        GMEM       |    pointer   |
|m_axi_GMEM_WID            | out |    1|    m_axi   |        GMEM       |    pointer   |
|m_axi_GMEM_WUSER          | out |    1|    m_axi   |        GMEM       |    pointer   |
|m_axi_GMEM_ARVALID        | out |    1|    m_axi   |        GMEM       |    pointer   |
|m_axi_GMEM_ARREADY        |  in |    1|    m_axi   |        GMEM       |    pointer   |
|m_axi_GMEM_ARADDR         | out |   32|    m_axi   |        GMEM       |    pointer   |
|m_axi_GMEM_ARID           | out |    1|    m_axi   |        GMEM       |    pointer   |
|m_axi_GMEM_ARLEN          | out |    8|    m_axi   |        GMEM       |    pointer   |
|m_axi_GMEM_ARSIZE         | out |    3|    m_axi   |        GMEM       |    pointer   |
|m_axi_GMEM_ARBURST        | out |    2|    m_axi   |        GMEM       |    pointer   |
|m_axi_GMEM_ARLOCK         | out |    2|    m_axi   |        GMEM       |    pointer   |
|m_axi_GMEM_ARCACHE        | out |    4|    m_axi   |        GMEM       |    pointer   |
|m_axi_GMEM_ARPROT         | out |    3|    m_axi   |        GMEM       |    pointer   |
|m_axi_GMEM_ARQOS          | out |    4|    m_axi   |        GMEM       |    pointer   |
|m_axi_GMEM_ARREGION       | out |    4|    m_axi   |        GMEM       |    pointer   |
|m_axi_GMEM_ARUSER         | out |    1|    m_axi   |        GMEM       |    pointer   |
|m_axi_GMEM_RVALID         |  in |    1|    m_axi   |        GMEM       |    pointer   |
|m_axi_GMEM_RREADY         | out |    1|    m_axi   |        GMEM       |    pointer   |
|m_axi_GMEM_RDATA          |  in |   32|    m_axi   |        GMEM       |    pointer   |
|m_axi_GMEM_RLAST          |  in |    1|    m_axi   |        GMEM       |    pointer   |
|m_axi_GMEM_RID            |  in |    1|    m_axi   |        GMEM       |    pointer   |
|m_axi_GMEM_RUSER          |  in |    1|    m_axi   |        GMEM       |    pointer   |
|m_axi_GMEM_RRESP          |  in |    2|    m_axi   |        GMEM       |    pointer   |
|m_axi_GMEM_BVALID         |  in |    1|    m_axi   |        GMEM       |    pointer   |
|m_axi_GMEM_BREADY         | out |    1|    m_axi   |        GMEM       |    pointer   |
|m_axi_GMEM_BRESP          |  in |    2|    m_axi   |        GMEM       |    pointer   |
|m_axi_GMEM_BID            |  in |    1|    m_axi   |        GMEM       |    pointer   |
|m_axi_GMEM_BUSER          |  in |    1|    m_axi   |        GMEM       |    pointer   |
|sample_stream_V_V_TDATA   |  in |   32|    axis    | sample_stream_V_V |    pointer   |
|sample_stream_V_V_TVALID  |  in |    1|    axis    | sample_stream_V_V |    pointer   |
|sample_stream_V_V_TREADY  | out |    1|    axis    | sample_stream_V_V |    pointer   |
+--------------------------+-----+-----+------------+-------------------+--------------+

