

================================================================
== Vivado HLS Report for 'base_add'
================================================================
* Date:           Sun May 24 20:08:51 2026

* Version:        2018.2 (Build 2258646 on Thu Jun 14 20:25:20 MDT 2018)
* Project:        base_add_prj
* Solution:       solution1
* Product family: zynq
* Target device:  xc7z020clg400-1


================================================================
== Performance Estimates
================================================================
+ Timing (ns): 
    * Summary: 
    +--------+-------+----------+------------+
    |  Clock | Target| Estimated| Uncertainty|
    +--------+-------+----------+------------+
    |ap_clk  |  10.00|     8.750|        1.25|
    +--------+-------+----------+------------+

+ Latency (clock cycles): 
    * Summary: 
    +-----+--------+-----+--------+---------+
    |    Latency   |   Interval   | Pipeline|
    | min |   max  | min |   max  |   Type  |
    +-----+--------+-----+--------+---------+
    |   11|  131081|   11|  131081|   none  |
    +-----+--------+-----+--------+---------+

    + Detail: 
        * Instance: 
        N/A

        * Loop: 
        +----------+-----+--------+----------+-----------+-----------+-----------+----------+
        |          |    Latency   | Iteration|  Initiation Interval  |    Trip   |          |
        | Loop Name| min |   max  |  Latency |  achieved |   target  |   Count   | Pipelined|
        +----------+-----+--------+----------+-----------+-----------+-----------+----------+
        |- Loop 1  |    9|  131079|        10|          2|          1| 1 ~ 65536 |    yes   |
        +----------+-----+--------+----------+-----------+-----------+-----------+----------+

============================================================
+ Verbose Summary: Synthesis Manager
============================================================
InlineROM: 1
ExposeGlobal: 0
============================================================
+ Verbose Summary: CDFG Model
============================================================
IsTopModel: 1
ResetActiveHigh: 1
IsCombinational: 0
IsDatapathOnly: 0
HasWiredReturn: 1
HasMFsm: 0
HasVarLatency: 1
IsPipeline: 0
IsRtlPipelined: 0
IsInstanceOverlapped: 0
IsDontTouch: 0
HasImplIP: 0
IsGatedGlobalClock: 0

+ Individual pipeline summary: 
  * Pipeline-0: initiation interval (II) = 2, depth = 10


============================================================
+ Verbose Summary: Schedule
============================================================
* Number of FSM states : 12
* Pipeline : 1
  Pipeline-0 : II = 2, D = 10, States = { 2 3 4 5 6 7 8 9 10 11 }
* Dataflow Pipeline: 0

* FSM state transitions: 
1 --> 
	2  / true
2 --> 
	12  / (exitcond)
	3  / (!exitcond)
3 --> 
	4  / true
4 --> 
	5  / true
5 --> 
	6  / true
6 --> 
	7  / true
7 --> 
	8  / true
8 --> 
	9  / true
9 --> 
	10  / true
10 --> 
	11  / true
11 --> 
	2  / true
12 --> 

* FSM state operations: 

State 1 <SV = 0> <Delay = 7.45>
ST_1 : Operation 13 [1/1] (1.00ns)   --->   "%capture_mode_read = call i32 @_ssdm_op_Read.s_axilite.i32(i32 %capture_mode)"   --->   Operation 13 'read' 'capture_mode_read' <Predicate = true> <Delay = 1.00> <Core = "s_axilite">   --->   Core 10 's_axilite' <Latency = 0> <II = 1> <Delay = 1.00> <Adapter> <Opcode : 'read' 'write'>
ST_1 : Operation 14 [1/1] (1.00ns)   --->   "%sample_count_read = call i32 @_ssdm_op_Read.s_axilite.i32(i32 %sample_count)"   --->   Operation 14 'read' 'sample_count_read' <Predicate = true> <Delay = 1.00> <Core = "s_axilite">   --->   Core 10 's_axilite' <Latency = 0> <II = 1> <Delay = 1.00> <Adapter> <Opcode : 'read' 'write'>
ST_1 : Operation 15 [1/1] (1.00ns)   --->   "%buffer_read = call i32 @_ssdm_op_Read.s_axilite.i32(i32 %buffer_r)"   --->   Operation 15 'read' 'buffer_read' <Predicate = true> <Delay = 1.00> <Core = "s_axilite">   --->   Core 10 's_axilite' <Latency = 0> <II = 1> <Delay = 1.00> <Adapter> <Opcode : 'read' 'write'>
ST_1 : Operation 16 [1/1] (0.00ns)   --->   "%tmp_3 = call i30 @_ssdm_op_PartSelect.i30.i32.i32.i32(i32 %buffer_read, i32 2, i32 31)"   --->   Operation 16 'partselect' 'tmp_3' <Predicate = true> <Delay = 0.00>
ST_1 : Operation 17 [1/1] (0.00ns)   --->   "%tmp_3_cast = zext i30 %tmp_3 to i31"   --->   Operation 17 'zext' 'tmp_3_cast' <Predicate = true> <Delay = 0.00>
ST_1 : Operation 18 [1/1] (0.00ns)   --->   "call void (...)* @_ssdm_op_SpecBitsMap(i32* %GMEM), !map !34"   --->   Operation 18 'specbitsmap' <Predicate = true> <Delay = 0.00>
ST_1 : Operation 19 [1/1] (0.00ns)   --->   "call void (...)* @_ssdm_op_SpecBitsMap(i32 %sample_count), !map !40"   --->   Operation 19 'specbitsmap' <Predicate = true> <Delay = 0.00>
ST_1 : Operation 20 [1/1] (0.00ns)   --->   "call void (...)* @_ssdm_op_SpecBitsMap(i32 %capture_mode), !map !46"   --->   Operation 20 'specbitsmap' <Predicate = true> <Delay = 0.00>
ST_1 : Operation 21 [1/1] (0.00ns)   --->   "call void (...)* @_ssdm_op_SpecBitsMap(i32* %sample_stream_V_V), !map !50"   --->   Operation 21 'specbitsmap' <Predicate = true> <Delay = 0.00>
ST_1 : Operation 22 [1/1] (0.00ns)   --->   "call void (...)* @_ssdm_op_SpecTopModule([9 x i8]* @base_add_str) nounwind"   --->   Operation 22 'spectopmodule' <Predicate = true> <Delay = 0.00>
ST_1 : Operation 23 [1/1] (0.00ns)   --->   "call void (...)* @_ssdm_op_SpecInterface(i32* %GMEM, [6 x i8]* @p_str, i32 0, i32 0, [1 x i8]* @p_str1, i32 0, i32 131072, [5 x i8]* @p_str2, [6 x i8]* @p_str3, [1 x i8]* @p_str1, i32 16, i32 16, i32 16, i32 16, [1 x i8]* @p_str1, [1 x i8]* @p_str1) nounwind" [src/base_add.cpp:9]   --->   Operation 23 'specinterface' <Predicate = true> <Delay = 0.00>
ST_1 : Operation 24 [1/1] (0.00ns)   --->   "call void (...)* @_ssdm_op_SpecInterface(i32* %sample_stream_V_V, [5 x i8]* @p_str4, i32 1, i32 1, [5 x i8]* @p_str5, i32 0, i32 0, [1 x i8]* @p_str1, [1 x i8]* @p_str1, [1 x i8]* @p_str1, i32 0, i32 0, i32 0, i32 0, [1 x i8]* @p_str1, [1 x i8]* @p_str1) nounwind" [src/base_add.cpp:10]   --->   Operation 24 'specinterface' <Predicate = true> <Delay = 0.00>
ST_1 : Operation 25 [1/1] (0.00ns)   --->   "call void (...)* @_ssdm_op_SpecInterface(i32 %buffer_r, [10 x i8]* @p_str6, i32 0, i32 0, [1 x i8]* @p_str1, i32 0, i32 0, [5 x i8]* @p_str7, [1 x i8]* @p_str1, [1 x i8]* @p_str1, i32 0, i32 0, i32 0, i32 0, [1 x i8]* @p_str1, [1 x i8]* @p_str1) nounwind" [src/base_add.cpp:11]   --->   Operation 25 'specinterface' <Predicate = true> <Delay = 0.00>
ST_1 : Operation 26 [1/1] (0.00ns)   --->   "call void (...)* @_ssdm_op_SpecInterface(i32 %sample_count, [10 x i8]* @p_str6, i32 0, i32 0, [1 x i8]* @p_str1, i32 0, i32 0, [5 x i8]* @p_str7, [1 x i8]* @p_str1, [1 x i8]* @p_str1, i32 0, i32 0, i32 0, i32 0, [1 x i8]* @p_str1, [1 x i8]* @p_str1) nounwind" [src/base_add.cpp:12]   --->   Operation 26 'specinterface' <Predicate = true> <Delay = 0.00>
ST_1 : Operation 27 [1/1] (0.00ns)   --->   "call void (...)* @_ssdm_op_SpecInterface(i32 %capture_mode, [10 x i8]* @p_str6, i32 0, i32 0, [1 x i8]* @p_str1, i32 0, i32 0, [5 x i8]* @p_str7, [1 x i8]* @p_str1, [1 x i8]* @p_str1, i32 0, i32 0, i32 0, i32 0, [1 x i8]* @p_str1, [1 x i8]* @p_str1) nounwind" [src/base_add.cpp:13]   --->   Operation 27 'specinterface' <Predicate = true> <Delay = 0.00>
ST_1 : Operation 28 [1/1] (0.00ns)   --->   "call void (...)* @_ssdm_op_SpecInterface(i32 0, [10 x i8]* @p_str6, i32 0, i32 0, [1 x i8]* @p_str1, i32 0, i32 0, [5 x i8]* @p_str7, [1 x i8]* @p_str1, [1 x i8]* @p_str1, i32 0, i32 0, i32 0, i32 0, [1 x i8]* @p_str1, [1 x i8]* @p_str1) nounwind" [src/base_add.cpp:14]   --->   Operation 28 'specinterface' <Predicate = true> <Delay = 0.00>
ST_1 : Operation 29 [1/1] (2.47ns)   --->   "%tmp = icmp slt i32 %sample_count_read, 1" [src/base_add.cpp:18]   --->   Operation 29 'icmp' 'tmp' <Predicate = true> <Delay = 2.47> <Core = "Cmp">   --->   Core 25 'Cmp' <Latency = 0> <II = 1> <Delay = 2.47> <FuncUnit> <Opcode : 'icmp'> <InPorts = 2> <OutPorts = 1>
ST_1 : Operation 30 [1/1] (0.00ns)   --->   "%tmp_4 = trunc i32 %sample_count_read to i31" [src/base_add.cpp:18]   --->   Operation 30 'trunc' 'tmp_4' <Predicate = true> <Delay = 0.00>
ST_1 : Operation 31 [1/1] (0.73ns)   --->   "%p_sample_count = select i1 %tmp, i31 1, i31 %tmp_4" [src/base_add.cpp:18]   --->   Operation 31 'select' 'p_sample_count' <Predicate = true> <Delay = 0.73> <Core = "Sel">   --->   Core 26 'Sel' <Latency = 0> <II = 1> <Delay = 0.78> <FuncUnit> <Opcode : 'select'> <InPorts = 3> <OutPorts = 1>
ST_1 : Operation 32 [1/1] (0.00ns)   --->   "%tmp_7 = trunc i31 %p_sample_count to i17" [src/base_add.cpp:18]   --->   Operation 32 'trunc' 'tmp_7' <Predicate = true> <Delay = 0.00>
ST_1 : Operation 33 [1/1] (2.47ns)   --->   "%tmp_1 = icmp ugt i31 %p_sample_count, 65536" [src/base_add.cpp:22]   --->   Operation 33 'icmp' 'tmp_1' <Predicate = true> <Delay = 2.47> <Core = "Cmp">   --->   Core 25 'Cmp' <Latency = 0> <II = 1> <Delay = 2.47> <FuncUnit> <Opcode : 'icmp'> <InPorts = 2> <OutPorts = 1>
ST_1 : Operation 34 [1/1] (0.78ns)   --->   "%n_1 = select i1 %tmp_1, i17 -65536, i17 %tmp_7" [src/base_add.cpp:22]   --->   Operation 34 'select' 'n_1' <Predicate = true> <Delay = 0.78> <Core = "Sel">   --->   Core 26 'Sel' <Latency = 0> <II = 1> <Delay = 0.78> <FuncUnit> <Opcode : 'select'> <InPorts = 3> <OutPorts = 1>
ST_1 : Operation 35 [1/1] (2.47ns)   --->   "%tmp_2 = icmp eq i32 %capture_mode_read, 0" [src/base_add.cpp:42]   --->   Operation 35 'icmp' 'tmp_2' <Predicate = true> <Delay = 2.47> <Core = "Cmp">   --->   Core 25 'Cmp' <Latency = 0> <II = 1> <Delay = 2.47> <FuncUnit> <Opcode : 'icmp'> <InPorts = 2> <OutPorts = 1>
ST_1 : Operation 36 [1/1] (1.76ns)   --->   "br label %1" [src/base_add.cpp:26]   --->   Operation 36 'br' <Predicate = true> <Delay = 1.76>

State 2 <SV = 1> <Delay = 2.43>
ST_2 : Operation 37 [1/1] (0.00ns)   --->   "%i = phi i17 [ 0, %0 ], [ %i_1, %5 ]"   --->   Operation 37 'phi' 'i' <Predicate = true> <Delay = 0.00>
ST_2 : Operation 38 [1/1] (2.43ns)   --->   "%exitcond = icmp eq i17 %i, %n_1" [src/base_add.cpp:26]   --->   Operation 38 'icmp' 'exitcond' <Predicate = true> <Delay = 2.43> <Core = "Cmp">   --->   Core 25 'Cmp' <Latency = 0> <II = 1> <Delay = 2.47> <FuncUnit> <Opcode : 'icmp'> <InPorts = 2> <OutPorts = 1>
ST_2 : Operation 39 [1/1] (2.10ns)   --->   "%i_1 = add i17 %i, 1" [src/base_add.cpp:26]   --->   Operation 39 'add' 'i_1' <Predicate = true> <Delay = 2.10> <Core = "AddSub">   --->   Core 14 'AddSub' <Latency = 0> <II = 1> <Delay = 2.49> <FuncUnit> <Opcode : 'add' 'sub'> <InPorts = 2> <OutPorts = 1>
ST_2 : Operation 40 [1/1] (0.00ns)   --->   "br i1 %exitcond, label %6, label %2" [src/base_add.cpp:26]   --->   Operation 40 'br' <Predicate = true> <Delay = 0.00>
ST_2 : Operation 41 [1/1] (0.00ns)   --->   "br i1 %tmp_2, label %3, label %4" [src/base_add.cpp:42]   --->   Operation 41 'br' <Predicate = (!exitcond)> <Delay = 0.00>

State 3 <SV = 2> <Delay = 2.49>
ST_3 : Operation 42 [2/2] (0.00ns)   --->   "%tmp_V = call i32 @_ssdm_op_Read.axis.volatile.i32P(i32* %sample_stream_V_V)" [src/base_add.cpp:46]   --->   Operation 42 'read' 'tmp_V' <Predicate = (!exitcond & !tmp_2)> <Delay = 0.00> <Core = "AXI4Stream">   --->   Core 5 'AXI4Stream' <Latency = 0> <II = 1> <Delay = 1.00> <Adapter> <Opcode : >
ST_3 : Operation 43 [1/1] (0.00ns)   --->   "%tmp_cast = zext i17 %i to i31" [src/base_add.cpp:51]   --->   Operation 43 'zext' 'tmp_cast' <Predicate = (!exitcond)> <Delay = 0.00>
ST_3 : Operation 44 [1/1] (2.49ns)   --->   "%buffer2_sum = add i31 %tmp_cast, %tmp_3_cast" [src/base_add.cpp:51]   --->   Operation 44 'add' 'buffer2_sum' <Predicate = (!exitcond)> <Delay = 2.49> <Core = "AddSub">   --->   Core 14 'AddSub' <Latency = 0> <II = 1> <Delay = 2.49> <FuncUnit> <Opcode : 'add' 'sub'> <InPorts = 2> <OutPorts = 1>

State 4 <SV = 3> <Delay = 8.75>
ST_4 : Operation 45 [1/1] (0.00ns)   --->   "%phase = trunc i17 %i to i8" [src/base_add.cpp:26]   --->   Operation 45 'trunc' 'phase' <Predicate = (!exitcond)> <Delay = 0.00>
ST_4 : Operation 46 [1/1] (0.00ns) (grouped into LUT with out node tri_3)   --->   "%tmp_10 = call i1 @_ssdm_op_BitSelect.i1.i17.i32(i17 %i, i32 7)" [src/base_add.cpp:33]   --->   Operation 46 'bitselect' 'tmp_10' <Predicate = (!exitcond)> <Delay = 0.00>
ST_4 : Operation 47 [1/1] (0.00ns)   --->   "%tri = call i12 @_ssdm_op_BitConcatenate.i12.i8.i4(i8 %phase, i4 0)" [src/base_add.cpp:34]   --->   Operation 47 'bitconcatenate' 'tri' <Predicate = (!exitcond)> <Delay = 0.00>
ST_4 : Operation 48 [1/1] (0.00ns) (grouped into LUT with out node tri_3)   --->   "%tri_1 = xor i12 %tri, -16" [src/base_add.cpp:36]   --->   Operation 48 'xor' 'tri_1' <Predicate = (!exitcond)> <Delay = 0.00> <Core = "LogicGate">   --->   Core 27 'LogicGate' <Latency = 0> <II = 1> <Delay = 1.00> <FuncUnit> <Opcode : 'and' 'or' 'xor'> <InPorts = 2> <OutPorts = 1>
ST_4 : Operation 49 [1/1] (0.99ns) (out node of the LUT)   --->   "%tri_3 = select i1 %tmp_10, i12 %tri_1, i12 %tri" [src/base_add.cpp:33]   --->   Operation 49 'select' 'tri_3' <Predicate = (!exitcond)> <Delay = 0.99> <Core = "Sel">   --->   Core 26 'Sel' <Latency = 0> <II = 1> <Delay = 0.78> <FuncUnit> <Opcode : 'select'> <InPorts = 3> <OutPorts = 1>
ST_4 : Operation 50 [1/2] (0.00ns)   --->   "%tmp_V = call i32 @_ssdm_op_Read.axis.volatile.i32P(i32* %sample_stream_V_V)" [src/base_add.cpp:46]   --->   Operation 50 'read' 'tmp_V' <Predicate = (!exitcond & !tmp_2)> <Delay = 0.00> <Core = "AXI4Stream">   --->   Core 5 'AXI4Stream' <Latency = 0> <II = 1> <Delay = 1.00> <Adapter> <Opcode : >
ST_4 : Operation 51 [1/1] (0.00ns)   --->   "%tmp_11 = trunc i32 %tmp_V to i12" [src/base_add.cpp:47]   --->   Operation 51 'trunc' 'tmp_11' <Predicate = (!exitcond & !tmp_2)> <Delay = 0.00>
ST_4 : Operation 52 [1/1] (0.00ns)   --->   "%p_Result_1 = call i12 @_ssdm_op_PartSelect.i12.i32.i32.i32(i32 %tmp_V, i32 16, i32 27)" [src/base_add.cpp:48]   --->   Operation 52 'partselect' 'p_Result_1' <Predicate = (!exitcond & !tmp_2)> <Delay = 0.00>
ST_4 : Operation 53 [1/1] (1.76ns)   --->   "br label %5"   --->   Operation 53 'br' <Predicate = (!exitcond & !tmp_2)> <Delay = 1.76>
ST_4 : Operation 54 [1/1] (0.00ns)   --->   "%p_lshr_f = call i11 @_ssdm_op_PartSelect.i11.i12.i32.i32(i12 %tri_3, i32 1, i32 11)" [src/base_add.cpp:44]   --->   Operation 54 'partselect' 'p_lshr_f' <Predicate = (!exitcond & tmp_2)> <Delay = 0.00>
ST_4 : Operation 55 [1/1] (0.00ns)   --->   "%tmp_9 = zext i11 %p_lshr_f to i12" [src/base_add.cpp:44]   --->   Operation 55 'zext' 'tmp_9' <Predicate = (!exitcond & tmp_2)> <Delay = 0.00>
ST_4 : Operation 56 [1/1] (1.76ns)   --->   "br label %5" [src/base_add.cpp:45]   --->   Operation 56 'br' <Predicate = (!exitcond & tmp_2)> <Delay = 1.76>
ST_4 : Operation 57 [1/1] (0.00ns)   --->   "%buffer2_sum_cast = zext i31 %buffer2_sum to i64" [src/base_add.cpp:51]   --->   Operation 57 'zext' 'buffer2_sum_cast' <Predicate = (!exitcond)> <Delay = 0.00>
ST_4 : Operation 58 [1/1] (0.00ns)   --->   "%GMEM_addr = getelementptr inbounds i32* %GMEM, i64 %buffer2_sum_cast" [src/base_add.cpp:51]   --->   Operation 58 'getelementptr' 'GMEM_addr' <Predicate = (!exitcond)> <Delay = 0.00>
ST_4 : Operation 59 [1/1] (8.75ns)   --->   "%GMEM_addr_req = call i1 @_ssdm_op_WriteReq.m_axi.i32P(i32* %GMEM_addr, i32 1)" [src/base_add.cpp:51]   --->   Operation 59 'writereq' 'GMEM_addr_req' <Predicate = (!exitcond)> <Delay = 8.75> <Core = "m_axi">   --->   Core 9 'm_axi' <Latency = 6> <II = 1> <Delay = 1.00> <Adapter> <Opcode : 'read' 'write' 'readreq' 'writereq' 'writeresp'>
ST_4 : Operation 60 [1/1] (0.00ns) (grouped into LUT with out node buffer2_sum3)   --->   "%tmp_5 = xor i17 %i, -65536" [src/base_add.cpp:52]   --->   Operation 60 'xor' 'tmp_5' <Predicate = (!exitcond)> <Delay = 0.00> <Core = "LogicGate">   --->   Core 27 'LogicGate' <Latency = 0> <II = 1> <Delay = 1.00> <FuncUnit> <Opcode : 'and' 'or' 'xor'> <InPorts = 2> <OutPorts = 1>
ST_4 : Operation 61 [1/1] (0.00ns) (grouped into LUT with out node buffer2_sum3)   --->   "%tmp_7_cast = zext i17 %tmp_5 to i31" [src/base_add.cpp:52]   --->   Operation 61 'zext' 'tmp_7_cast' <Predicate = (!exitcond)> <Delay = 0.00>
ST_4 : Operation 62 [1/1] (2.49ns) (out node of the LUT)   --->   "%buffer2_sum3 = add i31 %tmp_7_cast, %tmp_3_cast" [src/base_add.cpp:52]   --->   Operation 62 'add' 'buffer2_sum3' <Predicate = (!exitcond)> <Delay = 2.49> <Core = "AddSub">   --->   Core 14 'AddSub' <Latency = 0> <II = 1> <Delay = 2.49> <FuncUnit> <Opcode : 'add' 'sub'> <InPorts = 2> <OutPorts = 1>

State 5 <SV = 4> <Delay = 8.75>
ST_5 : Operation 63 [1/1] (0.00ns)   --->   "%ch = phi i12 [ %tri_3, %3 ], [ %tmp_11, %4 ]"   --->   Operation 63 'phi' 'ch' <Predicate = (!exitcond)> <Delay = 0.00>
ST_5 : Operation 64 [1/1] (0.00ns)   --->   "%ch2 = phi i12 [ %tmp_9, %3 ], [ %p_Result_1, %4 ]" [src/base_add.cpp:44]   --->   Operation 64 'phi' 'ch2' <Predicate = (!exitcond)> <Delay = 0.00>
ST_5 : Operation 65 [1/1] (0.00ns)   --->   "%ch_cast = zext i12 %ch to i32" [src/base_add.cpp:51]   --->   Operation 65 'zext' 'ch_cast' <Predicate = (!exitcond)> <Delay = 0.00>
ST_5 : Operation 66 [1/1] (8.75ns)   --->   "call void @_ssdm_op_Write.m_axi.volatile.i32P(i32* %GMEM_addr, i32 %ch_cast, i4 -1)" [src/base_add.cpp:51]   --->   Operation 66 'write' <Predicate = (!exitcond)> <Delay = 8.75> <Core = "m_axi">   --->   Core 9 'm_axi' <Latency = 6> <II = 1> <Delay = 1.00> <Adapter> <Opcode : 'read' 'write' 'readreq' 'writereq' 'writeresp'>
ST_5 : Operation 67 [1/1] (0.00ns)   --->   "%buffer2_sum3_cast = zext i31 %buffer2_sum3 to i64" [src/base_add.cpp:52]   --->   Operation 67 'zext' 'buffer2_sum3_cast' <Predicate = (!exitcond)> <Delay = 0.00>
ST_5 : Operation 68 [1/1] (0.00ns)   --->   "%GMEM_addr_1 = getelementptr inbounds i32* %GMEM, i64 %buffer2_sum3_cast" [src/base_add.cpp:52]   --->   Operation 68 'getelementptr' 'GMEM_addr_1' <Predicate = (!exitcond)> <Delay = 0.00>
ST_5 : Operation 69 [1/1] (8.75ns)   --->   "%GMEM_addr_1_req = call i1 @_ssdm_op_WriteReq.m_axi.i32P(i32* %GMEM_addr_1, i32 1)" [src/base_add.cpp:52]   --->   Operation 69 'writereq' 'GMEM_addr_1_req' <Predicate = (!exitcond)> <Delay = 8.75> <Core = "m_axi">   --->   Core 9 'm_axi' <Latency = 6> <II = 1> <Delay = 1.00> <Adapter> <Opcode : 'read' 'write' 'readreq' 'writereq' 'writeresp'>

State 6 <SV = 5> <Delay = 8.75>
ST_6 : Operation 70 [1/1] (0.00ns)   --->   "%ch2_cast = zext i12 %ch2 to i32" [src/base_add.cpp:51]   --->   Operation 70 'zext' 'ch2_cast' <Predicate = (!exitcond)> <Delay = 0.00>
ST_6 : Operation 71 [5/5] (8.75ns)   --->   "%GMEM_addr_resp = call i1 @_ssdm_op_WriteResp.m_axi.i32P(i32* %GMEM_addr)" [src/base_add.cpp:51]   --->   Operation 71 'writeresp' 'GMEM_addr_resp' <Predicate = (!exitcond)> <Delay = 8.75> <Core = "m_axi">   --->   Core 9 'm_axi' <Latency = 6> <II = 1> <Delay = 1.00> <Adapter> <Opcode : 'read' 'write' 'readreq' 'writereq' 'writeresp'>
ST_6 : Operation 72 [1/1] (8.75ns)   --->   "call void @_ssdm_op_Write.m_axi.volatile.i32P(i32* %GMEM_addr_1, i32 %ch2_cast, i4 -1)" [src/base_add.cpp:52]   --->   Operation 72 'write' <Predicate = (!exitcond)> <Delay = 8.75> <Core = "m_axi">   --->   Core 9 'm_axi' <Latency = 6> <II = 1> <Delay = 1.00> <Adapter> <Opcode : 'read' 'write' 'readreq' 'writereq' 'writeresp'>

State 7 <SV = 6> <Delay = 8.75>
ST_7 : Operation 73 [4/5] (8.75ns)   --->   "%GMEM_addr_resp = call i1 @_ssdm_op_WriteResp.m_axi.i32P(i32* %GMEM_addr)" [src/base_add.cpp:51]   --->   Operation 73 'writeresp' 'GMEM_addr_resp' <Predicate = (!exitcond)> <Delay = 8.75> <Core = "m_axi">   --->   Core 9 'm_axi' <Latency = 6> <II = 1> <Delay = 1.00> <Adapter> <Opcode : 'read' 'write' 'readreq' 'writereq' 'writeresp'>
ST_7 : Operation 74 [5/5] (8.75ns)   --->   "%GMEM_addr_1_resp = call i1 @_ssdm_op_WriteResp.m_axi.i32P(i32* %GMEM_addr_1)" [src/base_add.cpp:52]   --->   Operation 74 'writeresp' 'GMEM_addr_1_resp' <Predicate = (!exitcond)> <Delay = 8.75> <Core = "m_axi">   --->   Core 9 'm_axi' <Latency = 6> <II = 1> <Delay = 1.00> <Adapter> <Opcode : 'read' 'write' 'readreq' 'writereq' 'writeresp'>

State 8 <SV = 7> <Delay = 8.75>
ST_8 : Operation 75 [3/5] (8.75ns)   --->   "%GMEM_addr_resp = call i1 @_ssdm_op_WriteResp.m_axi.i32P(i32* %GMEM_addr)" [src/base_add.cpp:51]   --->   Operation 75 'writeresp' 'GMEM_addr_resp' <Predicate = (!exitcond)> <Delay = 8.75> <Core = "m_axi">   --->   Core 9 'm_axi' <Latency = 6> <II = 1> <Delay = 1.00> <Adapter> <Opcode : 'read' 'write' 'readreq' 'writereq' 'writeresp'>
ST_8 : Operation 76 [4/5] (8.75ns)   --->   "%GMEM_addr_1_resp = call i1 @_ssdm_op_WriteResp.m_axi.i32P(i32* %GMEM_addr_1)" [src/base_add.cpp:52]   --->   Operation 76 'writeresp' 'GMEM_addr_1_resp' <Predicate = (!exitcond)> <Delay = 8.75> <Core = "m_axi">   --->   Core 9 'm_axi' <Latency = 6> <II = 1> <Delay = 1.00> <Adapter> <Opcode : 'read' 'write' 'readreq' 'writereq' 'writeresp'>

State 9 <SV = 8> <Delay = 8.75>
ST_9 : Operation 77 [2/5] (8.75ns)   --->   "%GMEM_addr_resp = call i1 @_ssdm_op_WriteResp.m_axi.i32P(i32* %GMEM_addr)" [src/base_add.cpp:51]   --->   Operation 77 'writeresp' 'GMEM_addr_resp' <Predicate = (!exitcond)> <Delay = 8.75> <Core = "m_axi">   --->   Core 9 'm_axi' <Latency = 6> <II = 1> <Delay = 1.00> <Adapter> <Opcode : 'read' 'write' 'readreq' 'writereq' 'writeresp'>
ST_9 : Operation 78 [3/5] (8.75ns)   --->   "%GMEM_addr_1_resp = call i1 @_ssdm_op_WriteResp.m_axi.i32P(i32* %GMEM_addr_1)" [src/base_add.cpp:52]   --->   Operation 78 'writeresp' 'GMEM_addr_1_resp' <Predicate = (!exitcond)> <Delay = 8.75> <Core = "m_axi">   --->   Core 9 'm_axi' <Latency = 6> <II = 1> <Delay = 1.00> <Adapter> <Opcode : 'read' 'write' 'readreq' 'writereq' 'writeresp'>

State 10 <SV = 9> <Delay = 8.75>
ST_10 : Operation 79 [1/5] (8.75ns)   --->   "%GMEM_addr_resp = call i1 @_ssdm_op_WriteResp.m_axi.i32P(i32* %GMEM_addr)" [src/base_add.cpp:51]   --->   Operation 79 'writeresp' 'GMEM_addr_resp' <Predicate = (!exitcond)> <Delay = 8.75> <Core = "m_axi">   --->   Core 9 'm_axi' <Latency = 6> <II = 1> <Delay = 1.00> <Adapter> <Opcode : 'read' 'write' 'readreq' 'writereq' 'writeresp'>
ST_10 : Operation 80 [2/5] (8.75ns)   --->   "%GMEM_addr_1_resp = call i1 @_ssdm_op_WriteResp.m_axi.i32P(i32* %GMEM_addr_1)" [src/base_add.cpp:52]   --->   Operation 80 'writeresp' 'GMEM_addr_1_resp' <Predicate = (!exitcond)> <Delay = 8.75> <Core = "m_axi">   --->   Core 9 'm_axi' <Latency = 6> <II = 1> <Delay = 1.00> <Adapter> <Opcode : 'read' 'write' 'readreq' 'writereq' 'writeresp'>

State 11 <SV = 10> <Delay = 8.75>
ST_11 : Operation 81 [1/1] (0.00ns)   --->   "%tmp_6 = call i32 (...)* @_ssdm_op_SpecRegionBegin([12 x i8]* @p_str8)" [src/base_add.cpp:26]   --->   Operation 81 'specregionbegin' 'tmp_6' <Predicate = (!exitcond)> <Delay = 0.00>
ST_11 : Operation 82 [1/1] (0.00ns)   --->   "call void (...)* @_ssdm_op_SpecLoopTripCount(i32 1, i32 65536, i32 32768, [1 x i8]* @p_str1) nounwind" [src/base_add.cpp:27]   --->   Operation 82 'speclooptripcount' <Predicate = (!exitcond)> <Delay = 0.00>
ST_11 : Operation 83 [1/1] (0.00ns)   --->   "call void (...)* @_ssdm_op_SpecPipeline(i32 1, i32 1, i32 1, i32 0, [1 x i8]* @p_str1) nounwind" [src/base_add.cpp:28]   --->   Operation 83 'specpipeline' <Predicate = (!exitcond)> <Delay = 0.00>
ST_11 : Operation 84 [1/5] (8.75ns)   --->   "%GMEM_addr_1_resp = call i1 @_ssdm_op_WriteResp.m_axi.i32P(i32* %GMEM_addr_1)" [src/base_add.cpp:52]   --->   Operation 84 'writeresp' 'GMEM_addr_1_resp' <Predicate = (!exitcond)> <Delay = 8.75> <Core = "m_axi">   --->   Core 9 'm_axi' <Latency = 6> <II = 1> <Delay = 1.00> <Adapter> <Opcode : 'read' 'write' 'readreq' 'writereq' 'writeresp'>
ST_11 : Operation 85 [1/1] (0.00ns)   --->   "%empty = call i32 (...)* @_ssdm_op_SpecRegionEnd([12 x i8]* @p_str8, i32 %tmp_6)" [src/base_add.cpp:53]   --->   Operation 85 'specregionend' 'empty' <Predicate = (!exitcond)> <Delay = 0.00>
ST_11 : Operation 86 [1/1] (0.00ns)   --->   "br label %1" [src/base_add.cpp:26]   --->   Operation 86 'br' <Predicate = (!exitcond)> <Delay = 0.00>

State 12 <SV = 2> <Delay = 0.00>
ST_12 : Operation 87 [1/1] (0.00ns)   --->   "ret void" [src/base_add.cpp:54]   --->   Operation 87 'ret' <Predicate = true> <Delay = 0.00>


============================================================
+ Verbose Summary: Timing violations
============================================================
Target clock period: 10ns, clock uncertainty: 1.25ns.

 <State 1>: 7.46ns
The critical path consists of the following:
	s_axi read on port 'sample_count' [7]  (1 ns)
	'icmp' operation ('tmp', src/base_add.cpp:18) [22]  (2.47 ns)
	'select' operation ('p_sample_count', src/base_add.cpp:18) [24]  (0.733 ns)
	'icmp' operation ('tmp_1', src/base_add.cpp:22) [26]  (2.47 ns)
	'select' operation ('n_1', src/base_add.cpp:22) [27]  (0.781 ns)

 <State 2>: 2.43ns
The critical path consists of the following:
	'phi' operation ('i') with incoming values : ('i', src/base_add.cpp:26) [31]  (0 ns)
	'icmp' operation ('exitcond', src/base_add.cpp:26) [32]  (2.43 ns)

 <State 3>: 2.49ns
The critical path consists of the following:
	'add' operation ('buffer2_sum', src/base_add.cpp:51) [60]  (2.49 ns)

 <State 4>: 8.75ns
The critical path consists of the following:
	'getelementptr' operation ('GMEM_addr', src/base_add.cpp:51) [62]  (0 ns)
	bus request on port 'GMEM' (src/base_add.cpp:51) [63]  (8.75 ns)

 <State 5>: 8.75ns
The critical path consists of the following:
	'phi' operation ('ch0') with incoming values : ('tri', src/base_add.cpp:33) ('tmp_11', src/base_add.cpp:47) [55]  (0 ns)
	bus write on port 'GMEM' (src/base_add.cpp:51) [64]  (8.75 ns)

 <State 6>: 8.75ns
The critical path consists of the following:
	bus write on port 'GMEM' (src/base_add.cpp:52) [72]  (8.75 ns)

 <State 7>: 8.75ns
The critical path consists of the following:
	bus access on port 'GMEM' (src/base_add.cpp:51) [65]  (8.75 ns)

 <State 8>: 8.75ns
The critical path consists of the following:
	bus access on port 'GMEM' (src/base_add.cpp:51) [65]  (8.75 ns)

 <State 9>: 8.75ns
The critical path consists of the following:
	bus access on port 'GMEM' (src/base_add.cpp:51) [65]  (8.75 ns)

 <State 10>: 8.75ns
The critical path consists of the following:
	bus access on port 'GMEM' (src/base_add.cpp:51) [65]  (8.75 ns)

 <State 11>: 8.75ns
The critical path consists of the following:
	bus access on port 'GMEM' (src/base_add.cpp:52) [73]  (8.75 ns)

 <State 12>: 0ns
The critical path consists of the following:


============================================================
+ Verbose Summary: Binding
============================================================
N/A
* FSMD analyzer results:
  - Output states:
 - Input state : 
  - Chain level:
	State 1
	State 2
	State 3
	State 4
	State 5
	State 6
	State 7
	State 8
	State 9
	State 10
	State 11
	State 12


============================================================
+ Verbose Summary: Datapath Resource usage 
============================================================
N/A
