

================================================================
== Vivado HLS Report for 'base_add'
================================================================
* Date:           Sun May 24 20:08:51 2026

* Version:        2018.2 (Build 2258646 on Thu Jun 14 20:25:20 MDT 2018)
* Project:        base_add_prj
* Solution:       solution1
* Product family: zynq
* Target device:  xc7z020clg400-1


================================================================
== Performance Estimates
================================================================
+ Timing (ns): 
    * Summary: 
    +--------+-------+----------+------------+
    |  Clock | Target| Estimated| Uncertainty|
    +--------+-------+----------+------------+
    |ap_clk  |  10.00|     8.750|        1.25|
    +--------+-------+----------+------------+

+ Latency (clock cycles): 
    * Summary: 
    +-----+--------+-----+--------+---------+
    |    Latency   |   Interval   | Pipeline|
    | min |   max  | min |   max  |   Type  |
    +-----+--------+-----+--------+---------+
    |   11|  131081|   11|  131081|   none  |
    +-----+--------+-----+--------+---------+

    + Detail: 
        * Instance: 
        N/A

        * Loop: 
        +----------+-----+--------+----------+-----------+-----------+-----------+----------+
        |          |    Latency   | Iteration|  Initiation Interval  |    Trip   |          |
        | Loop Name| min |   max  |  Latency |  achieved |   target  |   Count   | Pipelined|
        +----------+-----+--------+----------+-----------+-----------+-----------+----------+
        |- Loop 1  |    9|  131079|        10|          2|          1| 1 ~ 65536 |    yes   |
        +----------+-----+--------+----------+-----------+-----------+-----------+----------+

============================================================
+ Verbose Summary: Synthesis Manager
============================================================
InlineROM: 1
ExposeGlobal: 0
============================================================
+ Verbose Summary: CDFG Model
============================================================
IsTopModel: 1
ResetActiveHigh: 1
IsCombinational: 0
IsDatapathOnly: 0
HasWiredReturn: 1
HasMFsm: 0
HasVarLatency: 1
IsPipeline: 0
IsRtlPipelined: 0
IsInstanceOverlapped: 0
IsDontTouch: 0
HasImplIP: 0
IsGatedGlobalClock: 0

+ Individual pipeline summary: 
  * Pipeline-0: initiation interval (II) = 2, depth = 10


============================================================
+ Verbose Summary: Schedule
============================================================
* Number of FSM states : 12
* Pipeline : 1
  Pipeline-0 : II = 2, D = 10, States = { 2 3 4 5 6 7 8 9 10 11 }
* Dataflow Pipeline: 0

* FSM state transitions: 
1 --> 
	2  / true
2 --> 
	12  / (exitcond)
	3  / (!exitcond)
3 --> 
	4  / true
4 --> 
	5  / true
5 --> 
	6  / true
6 --> 
	7  / true
7 --> 
	8  / true
8 --> 
	9  / true
9 --> 
	10  / true
10 --> 
	11  / true
11 --> 
	2  / true
12 --> 

* FSM state operations: 

State 1 <SV = 0> <Delay = 7.45>
ST_1 : Operation 13 [1/1] (1.00ns)   --->   "%capture_mode_read = call i32 @_ssdm_op_Read.s_axilite.i32(i32 %capture_mode)"   --->   Operation 13 'read' 'capture_mode_read' <Predicate = true> <Delay = 1.00> <Core = "s_axilite">   --->   Core 10 's_axilite' <Latency = 0> <II = 1> <Delay = 1.00> <Adapter> <Opcode : 'read' 'write'>
ST_1 : Operation 14 [1/1] (1.00ns)   --->   "%sample_count_read = call i32 @_ssdm_op_Read.s_axilite.i32(i32 %sample_count)"   --->   Operation 14 'read' 'sample_count_read' <Predicate = true> <Delay = 1.00> <Core = "s_axilite">   --->   Core 10 's_axilite' <Latency = 0> <II = 1> <Delay = 1.00> <Adapter> <Opcode : 'read' 'write'>
ST_1 : Operation 15 [1/1] (1.00ns)   --->   "%buffer_read = call i32 @_ssdm_op_Read.s_axilite.i32(i32 %buffer_r)"   --->   Operation 15 'read' 'buffer_read' <Predicate = true> <Delay = 1.00> <Core = "s_axilite">   --->   Core 10 's_axilite' <Latency = 0> <II = 1> <Delay = 1.00> <Adapter> <Opcode : 'read' 'write'>
ST_1 : Operation 16 [1/1] (0.00ns)   --->   "%tmp_3 = call i30 @_ssdm_op_PartSelect.i30.i32.i32.i32(i32 %buffer_read, i32 2, i32 31)"   --->   Operation 16 'partselect' 'tmp_3' <Predicate = true> <Delay = 0.00>
ST_1 : Operation 17 [1/1] (0.00ns)   --->   "%tmp_3_cast = zext i30 %tmp_3 to i31"   --->   Operation 17 'zext' 'tmp_3_cast' <Predicate = true> <Delay = 0.00>
ST_1 : Operation 18 [1/1] (0.00ns)   --->   "call void (...)* @_ssdm_op_SpecBitsMap(i32* %GMEM), !map !34"   --->   Operation 18 'specbitsmap' <Predicate = true> <Delay = 0.00>
ST_1 : Operation 19 [1/1] (0.00ns)   --->   "call void (...)* @_ssdm_op_SpecBitsMap(i32 %sample_count), !map !40"   --->   Operation 19 'specbitsmap' <Predicate = true> <Delay = 0.00>
ST_1 : Operation 20 [1/1] (0.00ns)   --->   "call void (...)* @_ssdm_op_SpecBitsMap(i32 %capture_mode), !map !46"   --->   Operation 20 'specbitsmap' <Predicate = true> <Delay = 0.00>
ST_1 : Operation 21 [1/1] (0.00ns)   --->   "call void (...)* @_ssdm_op_SpecBitsMap(i32* %sample_stream_V_V), !map !50"   --->   Operation 21 'specbitsmap' <Predicate = true> <Delay = 0.00>
ST_1 : Operation 22 [1/1] (0.00ns)   --->   "call void (...)* @_ssdm_op_SpecTopModule([9 x i8]* @base_add_str) nounwind"   --->   Operation 22 'spectopmodule' <Predicate = true> <Delay = 0.00>
ST_1 : Operation 23 [1/1] (0.00ns)   --->   "call void (...)* @_ssdm_op_SpecInterface(i32* %GMEM, [6 x i8]* @p_str, i32 0, i32 0, [1 x i8]* @p_str1, i32 0, i32 131072, [5 x i8]* @p_str2, [6 x i8]* @p_str3, [1 x i8]* @p_str1, i32 16, i32 16, i32 16, i32 16, [1 x i8]* @p_str1, [1 x i8]* @p_str1) nounwind" [src/base_add.cpp:9]   --->   Operation 23 'specinterface' <Predicate = true> <Delay = 0.00>
ST_1 : Operation 24 [1/1] (0.00ns)   --->   "call void (...)* @_ssdm_op_SpecInterface(i32* %sample_stream_V_V, [5 x i8]* @p_str4, i32 1, i32 1, [5 x i8]* @p_str5, i32 0, i32 0, [1 x i8]* @p_str1, [1 x i8]* @p_str1, [1 x i8]* @p_str1, i32 0, i32 0, i32 0, i32 0, [1 x i8]* @p_str1, [1 x i8]* @p_str1) nounwind" [src/base_add.cpp:10]   --->   Operation 24 'specinterface' <Predicate = true> <Delay = 0.00>
ST_1 : Operation 25 [1/1] (0.00ns)   --->   "call void (...)* @_ssdm_op_SpecInterface(i32 %buffer_r, [10 x i8]* @p_str6, i32 0, i32 0, [1 x i8]* @p_str1, i32 0, i32 0, [5 x i8]* @p_str7, [1 x i8]* @p_str1, [1 x i8]* @p_str1, i32 0, i32 0, i32 0, i32 0, [1 x i8]* @p_str1, [1 x i8]* @p_str1) nounwind" [src/base_add.cpp:11]   --->   Operation 25 'specinterface' <Predicate = true> <Delay = 0.00>
ST_1 : Operation 26 [1/1] (0.00ns)   --->   "call void (...)* @_ssdm_op_SpecInterface(i32 %sample_count, [10 x i8]* @p_str6, i32 0, i32 0, [1 x i8]* @p_str1, i32 0, i32 0, [5 x i8]* @p_str7, [1 x i8]* @p_str1, [1 x i8]* @p_str1, i32 0, i32 0, i32 0, i32 0, [1 x i8]* @p_str1, [1 x i8]* @p_str1) nounwind" [src/base_add.cpp:12]   --->   Operation 26 'specinterface' <Predicate = true> <Delay = 0.00>
ST_1 : Operation 27 [1/1] (0.00ns)   --->   "call void (...)* @_ssdm_op_SpecInterface(i32 %capture_mode, [10 x i8]* @p_str6, i32 0, i32 0, [1 x i8]* @p_str1, i32 0, i32 0, [5 x i8]* @p_str7, [1 x i8]* @p_str1, [1 x i8]* @p_str1, i32 0, i32 0, i32 0, i32 0, [1 x i8]* @p_str1, [1 x i8]* @p_str1) nounwind" [src/base_add.cpp:13]   --->   Operation 27 'specinterface' <Predicate = true> <Delay = 0.00>
ST_1 : Operation 28 [1/1] (0.00ns)   --->   "call void (...)* @_ssdm_op_SpecInterface(i32 0, [10 x i8]* @p_str6, i32 0, i32 0, [1 x i8]* @p_str1, i32 0, i32 0, [5 x i8]* @p_str7, [1 x i8]* @p_str1, [1 x i8]* @p_str1, i32 0, i32 0, i32 0, i32 0, [1 x i8]* @p_str1, [1 x i8]* @p_str1) nounwind" [src/base_add.cpp:14]   --->   Operation 28 'specinterface' <Predicate = true> <Delay = 0.00>
ST_1 : Operation 29 [1/1] (2.47ns)   --->   "%tmp = icmp slt i32 %sample_count_read, 1" [src/base_add.cpp:18]   --->   Operation 29 'icmp' 'tmp' <Predicate = true> <Delay = 2.47> <Core = "Cmp">   --->   Core 25 'Cmp' <Latency = 0> <II = 1> <Delay = 2.43> <FuncUnit> <Opcode : 'icmp'> <InPorts = 2> <OutPorts = 1>
ST_1 : Operation 30 [1/1] (0.00ns)   --->   "%tmp_4 = trunc i32 %sample_count_read to i31" [src/base_add.cpp:18]   --->   Operation 30 'trunc' 'tmp_4' <Predicate = true> <Delay = 0.00>
ST_1 : Operation 31 [1/1] (0.73ns)   --->   "%p_sample_count = select i1 %tmp, i31 1, i31 %tmp_4" [src/base_add.cpp:18]   --->   Operation 31 'select' 'p_sample_count' <Predicate = true> <Delay = 0.73> <Core = "Sel">   --->   Core 26 'Sel' <Latency = 0> <II = 1> <Delay = 0.69> <FuncUnit> <Opcode : 'select'> <InPorts = 3> <OutPorts = 1>
ST_1 : Operation 32 [1/1] (0.00ns)   --->   "%tmp_7 = trunc i31 %p_sample_count to i17" [src/base_add.cpp:18]   --->   Operation 32 'trunc' 'tmp_7' <Predicate = true> <Delay = 0.00>
ST_1 : Operation 33 [1/1] (2.47ns)   --->   "%tmp_1 = icmp ugt i31 %p_sample_count, 65536" [src/base_add.cpp:22]   --->   Operation 33 'icmp' 'tmp_1' <Predicate = true> <Delay = 2.47> <Core = "Cmp">   --->   Core 25 'Cmp' <Latency = 0> <II = 1> <Delay = 2.43> <FuncUnit> <Opcode : 'icmp'> <InPorts = 2> <OutPorts = 1>
ST_1 : Operation 34 [1/1] (0.78ns)   --->   "%n_1 = select i1 %tmp_1, i17 -65536, i17 %tmp_7" [src/base_add.cpp:22]   --->   Operation 34 'select' 'n_1' <Predicate = true> <Delay = 0.78> <Core = "Sel">   --->   Core 26 'Sel' <Latency = 0> <II = 1> <Delay = 0.69> <FuncUnit> <Opcode : 'select'> <InPorts = 3> <OutPorts = 1>
ST_1 : Operation 35 [1/1] (2.47ns)   --->   "%tmp_2 = icmp eq i32 %capture_mode_read, 0" [src/base_add.cpp:42]   --->   Operation 35 'icmp' 'tmp_2' <Predicate = true> <Delay = 2.47> <Core = "Cmp">   --->   Core 25 'Cmp' <Latency = 0> <II = 1> <Delay = 2.43> <FuncUnit> <Opcode : 'icmp'> <InPorts = 2> <OutPorts = 1>
ST_1 : Operation 36 [1/1] (1.76ns)   --->   "br label %1" [src/base_add.cpp:26]   --->   Operation 36 'br' <Predicate = true> <Delay = 1.76>

State 2 <SV = 1> <Delay = 2.43>
ST_2 : Operation 37 [1/1] (0.00ns)   --->   "%i = phi i17 [ 0, %0 ], [ %i_1, %5 ]"   --->   Operation 37 'phi' 'i' <Predicate = true> <Delay = 0.00>
ST_2 : Operation 38 [1/1] (2.43ns)   --->   "%exitcond = icmp eq i17 %i, %n_1" [src/base_add.cpp:26]   --->   Operation 38 'icmp' 'exitcond' <Predicate = true> <Delay = 2.43> <Core = "Cmp">   --->   Core 25 'Cmp' <Latency = 0> <II = 1> <Delay = 2.43> <FuncUnit> <Opcode : 'icmp'> <InPorts = 2> <OutPorts = 1>
ST_2 : Operation 39 [1/1] (2.10ns)   --->   "%i_1 = add i17 %i, 1" [src/base_add.cpp:26]   --->   Operation 39 'add' 'i_1' <Predicate = true> <Delay = 2.10> <Core = "AddSub">   --->   Core 14 'AddSub' <Latency = 0> <II = 1> <Delay = 2.49> <FuncUnit> <Opcode : 'add' 'sub'> <InPorts = 2> <OutPorts = 1>
ST_2 : Operation 40 [1/1] (0.00ns)   --->   "br i1 %exitcond, label %6, label %2" [src/base_add.cpp:26]   --->   Operation 40 'br' <Predicate = true> <Delay = 0.00>
ST_2 : Operation 41 [1/1] (0.00ns)   --->   "br i1 %tmp_2, label %3, label %4" [src/base_add.cpp:42]   --->   Operation 41 'br' <Predicate = (!exitcond)> <Delay = 0.00>

State 3 <SV = 2> <Delay = 2.49>
ST_3 : Operation 42 [2/2] (0.00ns)   --->   "%tmp_V = call i32 @_ssdm_op_Read.axis.volatile.i32P(i32* %sample_stream_V_V)" [src/base_add.cpp:46]   --->   Operation 42 'read' 'tmp_V' <Predicate = (!exitcond & !tmp_2)> <Delay = 0.00> <Core = "AXI4Stream">   --->   Core 5 'AXI4Stream' <Latency = 0> <II = 1> <Delay = 1.00> <Adapter> <Opcode : >
ST_3 : Operation 43 [1/1] (0.00ns)   --->   "%tmp_cast = zext i17 %i to i31" [src/base_add.cpp:51]   --->   Operation 43 'zext' 'tmp_cast' <Predicate = (!exitcond)> <Delay = 0.00>
ST_3 : Operation 44 [1/1] (2.49ns)   --->   "%buffer2_sum = add i31 %tmp_cast, %tmp_3_cast" [src/base_add.cpp:51]   --->   Operation 44 'add' 'buffer2_sum' <Predicate = (!exitcond)> <Delay = 2.49> <Core = "AddSub">   --->   Core 14 'AddSub' <Latency = 0> <II = 1> <Delay = 2.49> <FuncUnit> <Opcode : 'add' 'sub'> <InPorts = 2> <OutPorts = 1>

State 4 <SV = 3> <Delay = 8.75>
ST_4 : Operation 45 [1/1] (0.00ns)   --->   "%phase = trunc i17 %i to i8" [src/base_add.cpp:26]   --->   Operation 45 'trunc' 'phase' <Predicate = (!exitcond)> <Delay = 0.00>
ST_4 : Operation 46 [1/1] (0.00ns) (grouped into LUT with out node tri_3)   --->   "%tmp_10 = call i1 @_ssdm_op_BitSelect.i1.i17.i32(i17 %i, i32 7)" [src/base_add.cpp:33]   --->   Operation 46 'bitselect' 'tmp_10' <Predicate = (!exitcond)> <Delay = 0.00>
ST_4 : Operation 47 [1/1] (0.00ns)   --->   "%tri = call i12 @_ssdm_op_BitConcatenate.i12.i8.i4(i8 %phase, i4 0)" [src/base_add.cpp:34]   --->   Operation 47 'bitconcatenate' 'tri' <Predicate = (!exitcond)> <Delay = 0.00>
ST_4 : Operation 48 [1/1] (0.00ns) (grouped into LUT with out node tri_3)   --->   "%tri_1 = xor i12 %tri, -16" [src/base_add.cpp:36]   --->   Operation 48 'xor' 'tri_1' <Predicate = (!exitcond)> <Delay = 0.00> <Core = "LogicGate">   --->   Core 27 'LogicGate' <Latency = 0> <II = 1> <Delay = 1.00> <FuncUnit> <Opcode : 'and' 'or' 'xor'> <InPorts = 2> <OutPorts = 1>
ST_4 : Operation 49 [1/1] (0.99ns) (out node of the LUT)   --->   "%tri_3 = select i1 %tmp_10, i12 %tri_1, i12 %tri" [src/base_add.cpp:33]   --->   Operation 49 'select' 'tri_3' <Predicate = (!exitcond)> <Delay = 0.99> <Core = "Sel">   --->   Core 26 'Sel' <Latency = 0> <II = 1> <Delay = 0.69> <FuncUnit> <Opcode : 'select'> <InPorts = 3> <OutPorts = 1>
ST_4 : Operation 50 [1/2] (0.00ns)   --->   "%tmp_V = call i32 @_ssdm_op_Read.axis.volatile.i32P(i32* %sample_stream_V_V)" [src/base_add.cpp:46]   --->   Operation 50 'read' 'tmp_V' <Predicate = (!exitcond & !tmp_2)> <Delay = 0.00> <Core = "AXI4Stream">   --->   Core 5 'AXI4Stream' <Latency = 0> <II = 1> <Delay = 1.00> <Adapter> <Opcode : >
ST_4 : Operation 51 [1/1] (0.00ns)   --->   "%tmp_11 = trunc i32 %tmp_V to i12" [src/base_add.cpp:47]   --->   Operation 51 'trunc' 'tmp_11' <Predicate = (!exitcond & !tmp_2)> <Delay = 0.00>
ST_4 : Operation 52 [1/1] (0.00ns)   --->   "%p_Result_1 = call i12 @_ssdm_op_PartSelect.i12.i32.i32.i32(i32 %tmp_V, i32 16, i32 27)" [src/base_add.cpp:48]   --->   Operation 52 'partselect' 'p_Result_1' <Predicate = (!exitcond & !tmp_2)> <Delay = 0.00>
ST_4 : Operation 53 [1/1] (1.76ns)   --->   "br label %5"   --->   Operation 53 'br' <Predicate = (!exitcond & !tmp_2)> <Delay = 1.76>
ST_4 : Operation 54 [1/1] (0.00ns)   --->   "%p_lshr_f = call i11 @_ssdm_op_PartSelect.i11.i12.i32.i32(i12 %tri_3, i32 1, i32 11)" [src/base_add.cpp:44]   --->   Operation 54 'partselect' 'p_lshr_f' <Predicate = (!exitcond & tmp_2)> <Delay = 0.00>
ST_4 : Operation 55 [1/1] (0.00ns)   --->   "%tmp_9 = zext i11 %p_lshr_f to i12" [src/base_add.cpp:44]   --->   Operation 55 'zext' 'tmp_9' <Predicate = (!exitcond & tmp_2)> <Delay = 0.00>
ST_4 : Operation 56 [1/1] (1.76ns)   --->   "br label %5" [src/base_add.cpp:45]   --->   Operation 56 'br' <Predicate = (!exitcond & tmp_2)> <Delay = 1.76>
ST_4 : Operation 57 [1/1] (0.00ns)   --->   "%buffer2_sum_cast = zext i31 %buffer2_sum to i64" [src/base_add.cpp:51]   --->   Operation 57 'zext' 'buffer2_sum_cast' <Predicate = (!exitcond)> <Delay = 0.00>
ST_4 : Operation 58 [1/1] (0.00ns)   --->   "%GMEM_addr = getelementptr inbounds i32* %GMEM, i64 %buffer2_sum_cast" [src/base_add.cpp:51]   --->   Operation 58 'getelementptr' 'GMEM_addr' <Predicate = (!exitcond)> <Delay = 0.00>
ST_4 : Operation 59 [1/1] (8.75ns)   --->   "%GMEM_addr_req = call i1 @_ssdm_op_WriteReq.m_axi.i32P(i32* %GMEM_addr, i32 1)" [src/base_add.cpp:51]   --->   Operation 59 'writereq' 'GMEM_addr_req' <Predicate = (!exitcond)> <Delay = 8.75> <Core = "m_axi">   --->   Core 9 'm_axi' <Latency = 6> <II = 1> <Delay = 1.00> <Adapter> <Opcode : 'read' 'write' 'readreq' 'writereq' 'writeresp'>
ST_4 : Operation 60 [1/1] (0.00ns) (grouped into LUT with out node buffer2_sum3)   --->   "%tmp_5 = xor i17 %i, -65536" [src/base_add.cpp:52]   --->   Operation 60 'xor' 'tmp_5' <Predicate = (!exitcond)> <Delay = 0.00> <Core = "LogicGate">   --->   Core 27 'LogicGate' <Latency = 0> <II = 1> <Delay = 1.00> <FuncUnit> <Opcode : 'and' 'or' 'xor'> <InPorts = 2> <OutPorts = 1>
ST_4 : Operation 61 [1/1] (0.00ns) (grouped into LUT with out node buffer2_sum3)   --->   "%tmp_7_cast = zext i17 %tmp_5 to i31" [src/base_add.cpp:52]   --->   Operation 61 'zext' 'tmp_7_cast' <Predicate = (!exitcond)> <Delay = 0.00>
ST_4 : Operation 62 [1/1] (2.49ns) (out node of the LUT)   --->   "%buffer2_sum3 = add i31 %tmp_7_cast, %tmp_3_cast" [src/base_add.cpp:52]   --->   Operation 62 'add' 'buffer2_sum3' <Predicate = (!exitcond)> <Delay = 2.49> <Core = "AddSub">   --->   Core 14 'AddSub' <Latency = 0> <II = 1> <Delay = 2.49> <FuncUnit> <Opcode : 'add' 'sub'> <InPorts = 2> <OutPorts = 1>

State 5 <SV = 4> <Delay = 8.75>
ST_5 : Operation 63 [1/1] (0.00ns)   --->   "%ch = phi i12 [ %tri_3, %3 ], [ %tmp_11, %4 ]"   --->   Operation 63 'phi' 'ch' <Predicate = (!exitcond)> <Delay = 0.00>
ST_5 : Operation 64 [1/1] (0.00ns)   --->   "%ch2 = phi i12 [ %tmp_9, %3 ], [ %p_Result_1, %4 ]" [src/base_add.cpp:44]   --->   Operation 64 'phi' 'ch2' <Predicate = (!exitcond)> <Delay = 0.00>
ST_5 : Operation 65 [1/1] (0.00ns)   --->   "%ch_cast = zext i12 %ch to i32" [src/base_add.cpp:51]   --->   Operation 65 'zext' 'ch_cast' <Predicate = (!exitcond)> <Delay = 0.00>
ST_5 : Operation 66 [1/1] (8.75ns)   --->   "call void @_ssdm_op_Write.m_axi.volatile.i32P(i32* %GMEM_addr, i32 %ch_cast, i4 -1)" [src/base_add.cpp:51]   --->   Operation 66 'write' <Predicate = (!exitcond)> <Delay = 8.75> <Core = "m_axi">   --->   Core 9 'm_axi' <Latency = 6> <II = 1> <Delay = 1.00> <Adapter> <Opcode : 'read' 'write' 'readreq' 'writereq' 'writeresp'>
ST_5 : Operation 67 [1/1] (0.00ns)   --->   "%buffer2_sum3_cast = zext i31 %buffer2_sum3 to i64" [src/base_add.cpp:52]   --->   Operation 67 'zext' 'buffer2_sum3_cast' <Predicate = (!exitcond)> <Delay = 0.00>
ST_5 : Operation 68 [1/1] (0.00ns)   --->   "%GMEM_addr_1 = getelementptr inbounds i32* %GMEM, i64 %buffer2_sum3_cast" [src/base_add.cpp:52]   --->   Operation 68 'getelementptr' 'GMEM_addr_1' <Predicate = (!exitcond)> <Delay = 0.00>
ST_5 : Operation 69 [1/1] (8.75ns)   --->   "%GMEM_addr_1_req = call i1 @_ssdm_op_WriteReq.m_axi.i32P(i32* %GMEM_addr_1, i32 1)" [src/base_add.cpp:52]   --->   Operation 69 'writereq' 'GMEM_addr_1_req' <Predicate = (!exitcond)> <Delay = 8.75> <Core = "m_axi">   --->   Core 9 'm_axi' <Latency = 6> <II = 1> <Delay = 1.00> <Adapter> <Opcode : 'read' 'write' 'readreq' 'writereq' 'writeresp'>

State 6 <SV = 5> <Delay = 8.75>
ST_6 : Operation 70 [1/1] (0.00ns)   --->   "%ch2_cast = zext i12 %ch2 to i32" [src/base_add.cpp:51]   --->   Operation 70 'zext' 'ch2_cast' <Predicate = (!exitcond)> <Delay = 0.00>
ST_6 : Operation 71 [5/5] (8.75ns)   --->   "%GMEM_addr_resp = call i1 @_ssdm_op_WriteResp.m_axi.i32P(i32* %GMEM_addr)" [src/base_add.cpp:51]   --->   Operation 71 'writeresp' 'GMEM_addr_resp' <Predicate = (!exitcond)> <Delay = 8.75> <Core = "m_axi">   --->   Core 9 'm_axi' <Latency = 6> <II = 1> <Delay = 1.00> <Adapter> <Opcode : 'read' 'write' 'readreq' 'writereq' 'writeresp'>
ST_6 : Operation 72 [1/1] (8.75ns)   --->   "call void @_ssdm_op_Write.m_axi.volatile.i32P(i32* %GMEM_addr_1, i32 %ch2_cast, i4 -1)" [src/base_add.cpp:52]   --->   Operation 72 'write' <Predicate = (!exitcond)> <Delay = 8.75> <Core = "m_axi">   --->   Core 9 'm_axi' <Latency = 6> <II = 1> <Delay = 1.00> <Adapter> <Opcode : 'read' 'write' 'readreq' 'writereq' 'writeresp'>

State 7 <SV = 6> <Delay = 8.75>
ST_7 : Operation 73 [4/5] (8.75ns)   --->   "%GMEM_addr_resp = call i1 @_ssdm_op_WriteResp.m_axi.i32P(i32* %GMEM_addr)" [src/base_add.cpp:51]   --->   Operation 73 'writeresp' 'GMEM_addr_resp' <Predicate = (!exitcond)> <Delay = 8.75> <Core = "m_axi">   --->   Core 9 'm_axi' <Latency = 6> <II = 1> <Delay = 1.00> <Adapter> <Opcode : 'read' 'write' 'readreq' 'writereq' 'writeresp'>
ST_7 : Operation 74 [5/5] (8.75ns)   --->   "%GMEM_addr_1_resp = call i1 @_ssdm_op_WriteResp.m_axi.i32P(i32* %GMEM_addr_1)" [src/base_add.cpp:52]   --->   Operation 74 'writeresp' 'GMEM_addr_1_resp' <Predicate = (!exitcond)> <Delay = 8.75> <Core = "m_axi">   --->   Core 9 'm_axi' <Latency = 6> <II = 1> <Delay = 1.00> <Adapter> <Opcode : 'read' 'write' 'readreq' 'writereq' 'writeresp'>

State 8 <SV = 7> <Delay = 8.75>
ST_8 : Operation 75 [3/5] (8.75ns)   --->   "%GMEM_addr_resp = call i1 @_ssdm_op_WriteResp.m_axi.i32P(i32* %GMEM_addr)" [src/base_add.cpp:51]   --->   Operation 75 'writeresp' 'GMEM_addr_resp' <Predicate = (!exitcond)> <Delay = 8.75> <Core = "m_axi">   --->   Core 9 'm_axi' <Latency = 6> <II = 1> <Delay = 1.00> <Adapter> <Opcode : 'read' 'write' 'readreq' 'writereq' 'writeresp'>
ST_8 : Operation 76 [4/5] (8.75ns)   --->   "%GMEM_addr_1_resp = call i1 @_ssdm_op_WriteResp.m_axi.i32P(i32* %GMEM_addr_1)" [src/base_add.cpp:52]   --->   Operation 76 'writeresp' 'GMEM_addr_1_resp' <Predicate = (!exitcond)> <Delay = 8.75> <Core = "m_axi">   --->   Core 9 'm_axi' <Latency = 6> <II = 1> <Delay = 1.00> <Adapter> <Opcode : 'read' 'write' 'readreq' 'writereq' 'writeresp'>

State 9 <SV = 8> <Delay = 8.75>
ST_9 : Operation 77 [2/5] (8.75ns)   --->   "%GMEM_addr_resp = call i1 @_ssdm_op_WriteResp.m_axi.i32P(i32* %GMEM_addr)" [src/base_add.cpp:51]   --->   Operation 77 'writeresp' 'GMEM_addr_resp' <Predicate = (!exitcond)> <Delay = 8.75> <Core = "m_axi">   --->   Core 9 'm_axi' <Latency = 6> <II = 1> <Delay = 1.00> <Adapter> <Opcode : 'read' 'write' 'readreq' 'writereq' 'writeresp'>
ST_9 : Operation 78 [3/5] (8.75ns)   --->   "%GMEM_addr_1_resp = call i1 @_ssdm_op_WriteResp.m_axi.i32P(i32* %GMEM_addr_1)" [src/base_add.cpp:52]   --->   Operation 78 'writeresp' 'GMEM_addr_1_resp' <Predicate = (!exitcond)> <Delay = 8.75> <Core = "m_axi">   --->   Core 9 'm_axi' <Latency = 6> <II = 1> <Delay = 1.00> <Adapter> <Opcode : 'read' 'write' 'readreq' 'writereq' 'writeresp'>

State 10 <SV = 9> <Delay = 8.75>
ST_10 : Operation 79 [1/5] (8.75ns)   --->   "%GMEM_addr_resp = call i1 @_ssdm_op_WriteResp.m_axi.i32P(i32* %GMEM_addr)" [src/base_add.cpp:51]   --->   Operation 79 'writeresp' 'GMEM_addr_resp' <Predicate = (!exitcond)> <Delay = 8.75> <Core = "m_axi">   --->   Core 9 'm_axi' <Latency = 6> <II = 1> <Delay = 1.00> <Adapter> <Opcode : 'read' 'write' 'readreq' 'writereq' 'writeresp'>
ST_10 : Operation 80 [2/5] (8.75ns)   --->   "%GMEM_addr_1_resp = call i1 @_ssdm_op_WriteResp.m_axi.i32P(i32* %GMEM_addr_1)" [src/base_add.cpp:52]   --->   Operation 80 'writeresp' 'GMEM_addr_1_resp' <Predicate = (!exitcond)> <Delay = 8.75> <Core = "m_axi">   --->   Core 9 'm_axi' <Latency = 6> <II = 1> <Delay = 1.00> <Adapter> <Opcode : 'read' 'write' 'readreq' 'writereq' 'writeresp'>

State 11 <SV = 10> <Delay = 8.75>
ST_11 : Operation 81 [1/1] (0.00ns)   --->   "%tmp_6 = call i32 (...)* @_ssdm_op_SpecRegionBegin([12 x i8]* @p_str8)" [src/base_add.cpp:26]   --->   Operation 81 'specregionbegin' 'tmp_6' <Predicate = (!exitcond)> <Delay = 0.00>
ST_11 : Operation 82 [1/1] (0.00ns)   --->   "call void (...)* @_ssdm_op_SpecLoopTripCount(i32 1, i32 65536, i32 32768, [1 x i8]* @p_str1) nounwind" [src/base_add.cpp:27]   --->   Operation 82 'speclooptripcount' <Predicate = (!exitcond)> <Delay = 0.00>
ST_11 : Operation 83 [1/1] (0.00ns)   --->   "call void (...)* @_ssdm_op_SpecPipeline(i32 1, i32 1, i32 1, i32 0, [1 x i8]* @p_str1) nounwind" [src/base_add.cpp:28]   --->   Operation 83 'specpipeline' <Predicate = (!exitcond)> <Delay = 0.00>
ST_11 : Operation 84 [1/5] (8.75ns)   --->   "%GMEM_addr_1_resp = call i1 @_ssdm_op_WriteResp.m_axi.i32P(i32* %GMEM_addr_1)" [src/base_add.cpp:52]   --->   Operation 84 'writeresp' 'GMEM_addr_1_resp' <Predicate = (!exitcond)> <Delay = 8.75> <Core = "m_axi">   --->   Core 9 'm_axi' <Latency = 6> <II = 1> <Delay = 1.00> <Adapter> <Opcode : 'read' 'write' 'readreq' 'writereq' 'writeresp'>
ST_11 : Operation 85 [1/1] (0.00ns)   --->   "%empty = call i32 (...)* @_ssdm_op_SpecRegionEnd([12 x i8]* @p_str8, i32 %tmp_6)" [src/base_add.cpp:53]   --->   Operation 85 'specregionend' 'empty' <Predicate = (!exitcond)> <Delay = 0.00>
ST_11 : Operation 86 [1/1] (0.00ns)   --->   "br label %1" [src/base_add.cpp:26]   --->   Operation 86 'br' <Predicate = (!exitcond)> <Delay = 0.00>

State 12 <SV = 2> <Delay = 0.00>
ST_12 : Operation 87 [1/1] (0.00ns)   --->   "ret void" [src/base_add.cpp:54]   --->   Operation 87 'ret' <Predicate = true> <Delay = 0.00>


============================================================
+ Verbose Summary: Binding
============================================================
STG Binding: 
---------------- STG Properties BEGIN ----------------
- Is combinational: 0
- Is one-state seq: 0
- Is datapath-only: 0
- Is pipelined: 0
- Is top level: 1
Port [ Return ] is wired: 1; IO mode=ap_ctrl_hs:ce=0
Port [ GMEM]:  wired=1; compound=1; hidden=0; nouse=0; global=0; static=0; extern=0; dir=1; type=4; pingpong=0; private_global=0; IO mode=m_axi:ce=0
Port [ buffer_r]:  wired=1; compound=0; hidden=0; nouse=0; global=0; static=0; extern=0; dir=0; type=0; pingpong=0; private_global=0; IO mode=ap_none:ce=0
Port [ sample_count]:  wired=1; compound=0; hidden=0; nouse=0; global=0; static=0; extern=0; dir=0; type=0; pingpong=0; private_global=0; IO mode=ap_none:ce=0
Port [ capture_mode]:  wired=1; compound=0; hidden=0; nouse=0; global=0; static=0; extern=0; dir=0; type=0; pingpong=0; private_global=0; IO mode=ap_none:ce=0
Port [ sample_stream_V_V]:  wired=1; compound=1; hidden=0; nouse=0; global=0; static=0; extern=0; dir=0; type=0; pingpong=0; private_global=0; IO mode=axis:ce=0
---------------- STG Properties END ------------------

---------------- Datapath Model BEGIN ----------------

<LifeTime>
<method=bitvector/>
capture_mode_read (read             ) [ 0000000000000]
sample_count_read (read             ) [ 0000000000000]
buffer_read       (read             ) [ 0000000000000]
tmp_3             (partselect       ) [ 0000000000000]
tmp_3_cast        (zext             ) [ 0011111111110]
StgValue_18       (specbitsmap      ) [ 0000000000000]
StgValue_19       (specbitsmap      ) [ 0000000000000]
StgValue_20       (specbitsmap      ) [ 0000000000000]
StgValue_21       (specbitsmap      ) [ 0000000000000]
StgValue_22       (spectopmodule    ) [ 0000000000000]
StgValue_23       (specinterface    ) [ 0000000000000]
StgValue_24       (specinterface    ) [ 0000000000000]
StgValue_25       (specinterface    ) [ 0000000000000]
StgValue_26       (specinterface    ) [ 0000000000000]
StgValue_27       (specinterface    ) [ 0000000000000]
StgValue_28       (specinterface    ) [ 0000000000000]
tmp               (icmp             ) [ 0000000000000]
tmp_4             (trunc            ) [ 0000000000000]
p_sample_count    (select           ) [ 0000000000000]
tmp_7             (trunc            ) [ 0000000000000]
tmp_1             (icmp             ) [ 0000000000000]
n_1               (select           ) [ 0011111111110]
tmp_2             (icmp             ) [ 0011111111110]
StgValue_36       (br               ) [ 0111111111110]
i                 (phi              ) [ 0011100000000]
exitcond          (icmp             ) [ 0011111111110]
i_1               (add              ) [ 0111111111110]
StgValue_40       (br               ) [ 0000000000000]
StgValue_41       (br               ) [ 0000000000000]
tmp_cast          (zext             ) [ 0000000000000]
buffer2_sum       (add              ) [ 0010100000000]
phase             (trunc            ) [ 0000000000000]
tmp_10            (bitselect        ) [ 0000000000000]
tri               (bitconcatenate   ) [ 0000000000000]
tri_1             (xor              ) [ 0000000000000]
tri_3             (select           ) [ 0011111111110]
tmp_V             (read             ) [ 0000000000000]
tmp_11            (trunc            ) [ 0011111111110]
p_Result_1        (partselect       ) [ 0011111111110]
StgValue_53       (br               ) [ 0011111111110]
p_lshr_f          (partselect       ) [ 0000000000000]
tmp_9             (zext             ) [ 0011111111110]
StgValue_56       (br               ) [ 0011111111110]
buffer2_sum_cast  (zext             ) [ 0000000000000]
GMEM_addr         (getelementptr    ) [ 0011011111100]
GMEM_addr_req     (writereq         ) [ 0000000000000]
tmp_5             (xor              ) [ 0000000000000]
tmp_7_cast        (zext             ) [ 0000000000000]
buffer2_sum3      (add              ) [ 0001010000000]
ch                (phi              ) [ 0001010000000]
ch2               (phi              ) [ 0011011000000]
ch_cast           (zext             ) [ 0000000000000]
StgValue_66       (write            ) [ 0000000000000]
buffer2_sum3_cast (zext             ) [ 0000000000000]
GMEM_addr_1       (getelementptr    ) [ 0011001111110]
GMEM_addr_1_req   (writereq         ) [ 0000000000000]
ch2_cast          (zext             ) [ 0000000000000]
StgValue_72       (write            ) [ 0000000000000]
GMEM_addr_resp    (writeresp        ) [ 0000000000000]
tmp_6             (specregionbegin  ) [ 0000000000000]
StgValue_82       (speclooptripcount) [ 0000000000000]
StgValue_83       (specpipeline     ) [ 0000000000000]
GMEM_addr_1_resp  (writeresp        ) [ 0000000000000]
empty             (specregionend    ) [ 0000000000000]
StgValue_86       (br               ) [ 0111111111110]
StgValue_87       (ret              ) [ 0000000000000]
</LifeTime>

<model>

<comp_list>
<comp id="0" class="1000" name="GMEM">
<pin_list>
<pin id="1" dir="1" index="0" bw="1" slack="0"/>
</pin_list>
<bind>
<StgValue><ssdm name="GMEM"/></StgValue>
</bind>
</comp>

<comp id="2" class="1000" name="buffer_r">
<pin_list>
<pin id="3" dir="1" index="0" bw="1" slack="0"/>
</pin_list>
<bind>
<StgValue><ssdm name="buffer_r"/></StgValue>
</bind>
</comp>

<comp id="4" class="1000" name="sample_count">
<pin_list>
<pin id="5" dir="1" index="0" bw="1" slack="0"/>
</pin_list>
<bind>
<StgValue><ssdm name="sample_count"/></StgValue>
</bind>
</comp>

<comp id="6" class="1000" name="capture_mode">
<pin_list>
<pin id="7" dir="1" index="0" bw="1" slack="0"/>
</pin_list>
<bind>
<StgValue><ssdm name="capture_mode"/></StgValue>
</bind>
</comp>

<comp id="8" class="1000" name="sample_stream_V_V">
<pin_list>
<pin id="9" dir="1" index="0" bw="1" slack="0"/>
</pin_list>
<bind>
<StgValue><ssdm name="sample_stream_V_V"/></StgValue>
</bind>
</comp>

<comp id="10" class="1001" name="const_10">
<pin_list>
<pin id="11" dir="1" index="0" bw="1" slack="0"/>
</pin_list>
<bind>
<StgValue><ssdm name="_ssdm_op_Read.s_axilite.i32"/></StgValue>
</bind>
</comp>

<comp id="12" class="1001" name="const_12">
<pin_list>
<pin id="13" dir="1" index="0" bw="1" slack="0"/>
</pin_list>
<bind>
<StgValue><ssdm name="_ssdm_op_PartSelect.i30.i32.i32.i32"/></StgValue>
</bind>
</comp>

<comp id="14" class="1001" name="const_14">
<pin_list>
<pin id="15" dir="1" index="0" bw="1" slack="0"/>
</pin_list>
<bind>
<StgValue><ssdm name=""/></StgValue>
</bind>
</comp>

<comp id="16" class="1001" name="const_16">
<pin_list>
<pin id="17" dir="1" index="0" bw="1" slack="0"/>
</pin_list>
<bind>
<StgValue><ssdm name=""/></StgValue>
</bind>
</comp>

<comp id="18" class="1001" name="const_18">
<pin_list>
<pin id="19" dir="1" index="0" bw="1" slack="2147483647"/>
</pin_list>
<bind>
<StgValue><ssdm name="_ssdm_op_SpecBitsMap"/></StgValue>
</bind>
</comp>

<comp id="20" class="1001" name="const_20">
<pin_list>
<pin id="21" dir="1" index="0" bw="1" slack="2147483647"/>
</pin_list>
<bind>
<StgValue><ssdm name="_ssdm_op_SpecTopModule"/></StgValue>
</bind>
</comp>

<comp id="22" class="1001" name="const_22">
<pin_list>
<pin id="23" dir="1" index="0" bw="1" slack="2147483647"/>
</pin_list>
<bind>
<StgValue><ssdm name="base_add_str"/></StgValue>
</bind>
</comp>

<comp id="24" class="1001" name="const_24">
<pin_list>
<pin id="25" dir="1" index="0" bw="1" slack="2147483647"/>
</pin_list>
<bind>
<StgValue><ssdm name="_ssdm_op_SpecInterface"/></StgValue>
</bind>
</comp>

<comp id="26" class="1001" name="const_26">
<pin_list>
<pin id="27" dir="1" index="0" bw="1" slack="2147483647"/>
</pin_list>
<bind>
<StgValue><ssdm name="p_str"/></StgValue>
</bind>
</comp>

<comp id="28" class="1001" name="const_28">
<pin_list>
<pin id="29" dir="1" index="0" bw="1" slack="0"/>
</pin_list>
<bind>
<StgValue><ssdm name=""/></StgValue>
</bind>
</comp>

<comp id="30" class="1001" name="const_30">
<pin_list>
<pin id="31" dir="1" index="0" bw="1" slack="2147483647"/>
</pin_list>
<bind>
<StgValue><ssdm name="p_str1"/></StgValue>
</bind>
</comp>

<comp id="32" class="1001" name="const_32">
<pin_list>
<pin id="33" dir="1" index="0" bw="1" slack="2147483647"/>
</pin_list>
<bind>
<StgValue><ssdm name=""/></StgValue>
</bind>
</comp>

<comp id="34" class="1001" name="const_34">
<pin_list>
<pin id="35" dir="1" index="0" bw="1" slack="2147483647"/>
</pin_list>
<bind>
<StgValue><ssdm name="p_str2"/></StgValue>
</bind>
</comp>

<comp id="36" class="1001" name="const_36">
<pin_list>
<pin id="37" dir="1" index="0" bw="1" slack="2147483647"/>
</pin_list>
<bind>
<StgValue><ssdm name="p_str3"/></StgValue>
</bind>
</comp>

<comp id="38" class="1001" name="const_38">
<pin_list>
<pin id="39" dir="1" index="0" bw="1" slack="0"/>
</pin_list>
<bind>
<StgValue><ssdm name=""/></StgValue>
</bind>
</comp>

<comp id="40" class="1001" name="const_40">
<pin_list>
<pin id="41" dir="1" index="0" bw="1" slack="2147483647"/>
</pin_list>
<bind>
<StgValue><ssdm name="p_str4"/></StgValue>
</bind>
</comp>

<comp id="42" class="1001" name="const_42">
<pin_list>
<pin id="43" dir="1" index="0" bw="1" slack="0"/>
</pin_list>
<bind>
<StgValue><ssdm name=""/></StgValue>
</bind>
</comp>

<comp id="44" class="1001" name="const_44">
<pin_list>
<pin id="45" dir="1" index="0" bw="1" slack="2147483647"/>
</pin_list>
<bind>
<StgValue><ssdm name="p_str5"/></StgValue>
</bind>
</comp>

<comp id="46" class="1001" name="const_46">
<pin_list>
<pin id="47" dir="1" index="0" bw="1" slack="2147483647"/>
</pin_list>
<bind>
<StgValue><ssdm name="p_str6"/></StgValue>
</bind>
</comp>

<comp id="48" class="1001" name="const_48">
<pin_list>
<pin id="49" dir="1" index="0" bw="1" slack="2147483647"/>
</pin_list>
<bind>
<StgValue><ssdm name="p_str7"/></StgValue>
</bind>
</comp>

<comp id="50" class="1001" name="const_50">
<pin_list>
<pin id="51" dir="1" index="0" bw="1" slack="0"/>
</pin_list>
<bind>
<StgValue><ssdm name=""/></StgValue>
</bind>
</comp>

<comp id="52" class="1001" name="const_52">
<pin_list>
<pin id="53" dir="1" index="0" bw="1" slack="0"/>
</pin_list>
<bind>
<StgValue><ssdm name=""/></StgValue>
</bind>
</comp>

<comp id="54" class="1001" name="const_54">
<pin_list>
<pin id="55" dir="1" index="0" bw="1" slack="0"/>
</pin_list>
<bind>
<StgValue><ssdm name=""/></StgValue>
</bind>
</comp>

<comp id="56" class="1001" name="const_56">
<pin_list>
<pin id="57" dir="1" index="0" bw="1" slack="1"/>
</pin_list>
<bind>
<StgValue><ssdm name=""/></StgValue>
</bind>
</comp>

<comp id="58" class="1001" name="const_58">
<pin_list>
<pin id="59" dir="1" index="0" bw="1" slack="0"/>
</pin_list>
<bind>
<StgValue><ssdm name=""/></StgValue>
</bind>
</comp>

<comp id="60" class="1001" name="const_60">
<pin_list>
<pin id="61" dir="1" index="0" bw="1" slack="0"/>
</pin_list>
<bind>
<StgValue><ssdm name="_ssdm_op_Read.axis.volatile.i32P"/></StgValue>
</bind>
</comp>

<comp id="62" class="1001" name="const_62">
<pin_list>
<pin id="63" dir="1" index="0" bw="1" slack="0"/>
</pin_list>
<bind>
<StgValue><ssdm name="_ssdm_op_BitSelect.i1.i17.i32"/></StgValue>
</bind>
</comp>

<comp id="64" class="1001" name="const_64">
<pin_list>
<pin id="65" dir="1" index="0" bw="1" slack="0"/>
</pin_list>
<bind>
<StgValue><ssdm name=""/></StgValue>
</bind>
</comp>

<comp id="66" class="1001" name="const_66">
<pin_list>
<pin id="67" dir="1" index="0" bw="1" slack="0"/>
</pin_list>
<bind>
<StgValue><ssdm name="_ssdm_op_BitConcatenate.i12.i8.i4"/></StgValue>
</bind>
</comp>

<comp id="68" class="1001" name="const_68">
<pin_list>
<pin id="69" dir="1" index="0" bw="1" slack="0"/>
</pin_list>
<bind>
<StgValue><ssdm name=""/></StgValue>
</bind>
</comp>

<comp id="70" class="1001" name="const_70">
<pin_list>
<pin id="71" dir="1" index="0" bw="1" slack="0"/>
</pin_list>
<bind>
<StgValue><ssdm name=""/></StgValue>
</bind>
</comp>

<comp id="72" class="1001" name="const_72">
<pin_list>
<pin id="73" dir="1" index="0" bw="1" slack="0"/>
</pin_list>
<bind>
<StgValue><ssdm name="_ssdm_op_PartSelect.i12.i32.i32.i32"/></StgValue>
</bind>
</comp>

<comp id="74" class="1001" name="const_74">
<pin_list>
<pin id="75" dir="1" index="0" bw="1" slack="0"/>
</pin_list>
<bind>
<StgValue><ssdm name=""/></StgValue>
</bind>
</comp>

<comp id="76" class="1001" name="const_76">
<pin_list>
<pin id="77" dir="1" index="0" bw="1" slack="0"/>
</pin_list>
<bind>
<StgValue><ssdm name="_ssdm_op_PartSelect.i11.i12.i32.i32"/></StgValue>
</bind>
</comp>

<comp id="78" class="1001" name="const_78">
<pin_list>
<pin id="79" dir="1" index="0" bw="1" slack="0"/>
</pin_list>
<bind>
<StgValue><ssdm name=""/></StgValue>
</bind>
</comp>

<comp id="80" class="1001" name="const_80">
<pin_list>
<pin id="81" dir="1" index="0" bw="1" slack="0"/>
</pin_list>
<bind>
<StgValue><ssdm name="_ssdm_op_WriteReq.m_axi.i32P"/></StgValue>
</bind>
</comp>

<comp id="82" class="1001" name="const_82">
<pin_list>
<pin id="83" dir="1" index="0" bw="1" slack="0"/>
</pin_list>
<bind>
<StgValue><ssdm name="_ssdm_op_Write.m_axi.volatile.i32P"/></StgValue>
</bind>
</comp>

<comp id="84" class="1001" name="const_84">
<pin_list>
<pin id="85" dir="1" index="0" bw="1" slack="0"/>
</pin_list>
<bind>
<StgValue><ssdm name=""/></StgValue>
</bind>
</comp>

<comp id="86" class="1001" name="const_86">
<pin_list>
<pin id="87" dir="1" index="0" bw="1" slack="0"/>
</pin_list>
<bind>
<StgValue><ssdm name="_ssdm_op_WriteResp.m_axi.i32P"/></StgValue>
</bind>
</comp>

<comp id="88" class="1001" name="const_88">
<pin_list>
<pin id="89" dir="1" index="0" bw="1" slack="2147483647"/>
</pin_list>
<bind>
<StgValue><ssdm name="_ssdm_op_SpecRegionBegin"/></StgValue>
</bind>
</comp>

<comp id="90" class="1001" name="const_90">
<pin_list>
<pin id="91" dir="1" index="0" bw="1" slack="2147483647"/>
</pin_list>
<bind>
<StgValue><ssdm name="p_str8"/></StgValue>
</bind>
</comp>

<comp id="92" class="1001" name="const_92">
<pin_list>
<pin id="93" dir="1" index="0" bw="1" slack="2147483647"/>
</pin_list>
<bind>
<StgValue><ssdm name="_ssdm_op_SpecLoopTripCount"/></StgValue>
</bind>
</comp>

<comp id="94" class="1001" name="const_94">
<pin_list>
<pin id="95" dir="1" index="0" bw="1" slack="2147483647"/>
</pin_list>
<bind>
<StgValue><ssdm name=""/></StgValue>
</bind>
</comp>

<comp id="96" class="1001" name="const_96">
<pin_list>
<pin id="97" dir="1" index="0" bw="1" slack="2147483647"/>
</pin_list>
<bind>
<StgValue><ssdm name=""/></StgValue>
</bind>
</comp>

<comp id="98" class="1001" name="const_98">
<pin_list>
<pin id="99" dir="1" index="0" bw="1" slack="2147483647"/>
</pin_list>
<bind>
<StgValue><ssdm name="_ssdm_op_SpecPipeline"/></StgValue>
</bind>
</comp>

<comp id="100" class="1001" name="const_100">
<pin_list>
<pin id="101" dir="1" index="0" bw="1" slack="2147483647"/>
</pin_list>
<bind>
<StgValue><ssdm name="_ssdm_op_SpecRegionEnd"/></StgValue>
</bind>
</comp>

<comp id="102" class="1004" name="capture_mode_read_read_fu_102">
<pin_list>
<pin id="103" dir="0" index="0" bw="32" slack="0"/>
<pin id="104" dir="0" index="1" bw="32" slack="0"/>
<pin id="105" dir="1" index="2" bw="32" slack="0"/>
</pin_list>
<bind>
<opcode="read(1150) " fcode="read"/>
<opset="capture_mode_read/1 "/>
</bind>
</comp>

<comp id="108" class="1004" name="sample_count_read_read_fu_108">
<pin_list>
<pin id="109" dir="0" index="0" bw="32" slack="0"/>
<pin id="110" dir="0" index="1" bw="32" slack="0"/>
<pin id="111" dir="1" index="2" bw="32" slack="0"/>
</pin_list>
<bind>
<opcode="read(1150) " fcode="read"/>
<opset="sample_count_read/1 "/>
</bind>
</comp>

<comp id="114" class="1004" name="buffer_read_read_fu_114">
<pin_list>
<pin id="115" dir="0" index="0" bw="32" slack="0"/>
<pin id="116" dir="0" index="1" bw="32" slack="0"/>
<pin id="117" dir="1" index="2" bw="32" slack="0"/>
</pin_list>
<bind>
<opcode="read(1150) " fcode="read"/>
<opset="buffer_read/1 "/>
</bind>
</comp>

<comp id="120" class="1004" name="grp_read_fu_120">
<pin_list>
<pin id="121" dir="0" index="0" bw="32" slack="0"/>
<pin id="122" dir="0" index="1" bw="32" slack="0"/>
<pin id="123" dir="1" index="2" bw="32" slack="0"/>
</pin_list>
<bind>
<opcode="read(1150) " fcode="read"/>
<opset="tmp_V/3 "/>
</bind>
</comp>

<comp id="126" class="1004" name="grp_writeresp_fu_126">
<pin_list>
<pin id="127" dir="0" index="0" bw="1" slack="0"/>
<pin id="128" dir="0" index="1" bw="32" slack="0"/>
<pin id="129" dir="0" index="2" bw="1" slack="0"/>
<pin id="130" dir="1" index="3" bw="1" slack="2147483647"/>
</pin_list>
<bind>
<opcode="writereq(1155) writeresp(1158) " fcode="writeresp"/>
<opset="GMEM_addr_req/4 GMEM_addr_resp/6 "/>
</bind>
</comp>

<comp id="133" class="1004" name="StgValue_66_write_fu_133">
<pin_list>
<pin id="134" dir="0" index="0" bw="0" slack="0"/>
<pin id="135" dir="0" index="1" bw="32" slack="1"/>
<pin id="136" dir="0" index="2" bw="12" slack="0"/>
<pin id="137" dir="0" index="3" bw="1" slack="0"/>
<pin id="138" dir="1" index="4" bw="0" slack="2147483647"/>
</pin_list>
<bind>
<opcode="write(1151) " fcode="write"/>
<opset="StgValue_66/5 "/>
</bind>
</comp>

<comp id="141" class="1004" name="grp_writeresp_fu_141">
<pin_list>
<pin id="142" dir="0" index="0" bw="1" slack="0"/>
<pin id="143" dir="0" index="1" bw="32" slack="0"/>
<pin id="144" dir="0" index="2" bw="1" slack="0"/>
<pin id="145" dir="1" index="3" bw="1" slack="2147483647"/>
</pin_list>
<bind>
<opcode="writereq(1155) writeresp(1158) " fcode="writeresp"/>
<opset="GMEM_addr_1_req/5 GMEM_addr_1_resp/7 "/>
</bind>
</comp>

<comp id="149" class="1004" name="StgValue_72_write_fu_149">
<pin_list>
<pin id="150" dir="0" index="0" bw="0" slack="0"/>
<pin id="151" dir="0" index="1" bw="32" slack="1"/>
<pin id="152" dir="0" index="2" bw="12" slack="0"/>
<pin id="153" dir="0" index="3" bw="1" slack="0"/>
<pin id="154" dir="1" index="4" bw="0" slack="2147483647"/>
</pin_list>
<bind>
<opcode="write(1151) " fcode="write"/>
<opset="StgValue_72/6 "/>
</bind>
</comp>

<comp id="158" class="1005" name="i_reg_158">
<pin_list>
<pin id="159" dir="0" index="0" bw="17" slack="1"/>
<pin id="160" dir="1" index="1" bw="17" slack="1"/>
</pin_list>
<bind>
<opset="i (phireg) "/>
</bind>
</comp>

<comp id="162" class="1004" name="i_phi_fu_162">
<pin_list>
<pin id="163" dir="0" index="0" bw="1" slack="1"/>
<pin id="164" dir="0" index="1" bw="0" slack="2147483647"/>
<pin id="165" dir="0" index="2" bw="17" slack="0"/>
<pin id="166" dir="0" index="3" bw="0" slack="2147483647"/>
<pin id="167" dir="1" index="4" bw="17" slack="0"/>
</pin_list>
<bind>
<opcode="phi(47) " fcode="phi"/>
<opset="i/2 "/>
</bind>
</comp>

<comp id="170" class="1005" name="ch_reg_170">
<pin_list>
<pin id="171" dir="0" index="0" bw="12" slack="2147483647"/>
<pin id="172" dir="1" index="1" bw="12" slack="2147483647"/>
</pin_list>
<bind>
<opset="ch (phireg) "/>
</bind>
</comp>

<comp id="173" class="1004" name="ch_phi_fu_173">
<pin_list>
<pin id="174" dir="0" index="0" bw="12" slack="1"/>
<pin id="175" dir="0" index="1" bw="0" slack="2147483647"/>
<pin id="176" dir="0" index="2" bw="12" slack="1"/>
<pin id="177" dir="0" index="3" bw="0" slack="2147483647"/>
<pin id="178" dir="1" index="4" bw="12" slack="0"/>
</pin_list>
<bind>
<opcode="phi(47) " fcode="phi"/>
<opset="ch/5 "/>
</bind>
</comp>

<comp id="179" class="1005" name="ch2_reg_179">
<pin_list>
<pin id="180" dir="0" index="0" bw="12" slack="1"/>
<pin id="181" dir="1" index="1" bw="12" slack="1"/>
</pin_list>
<bind>
<opset="ch2 (phireg) "/>
</bind>
</comp>

<comp id="182" class="1004" name="ch2_phi_fu_182">
<pin_list>
<pin id="183" dir="0" index="0" bw="11" slack="1"/>
<pin id="184" dir="0" index="1" bw="0" slack="2147483647"/>
<pin id="185" dir="0" index="2" bw="12" slack="1"/>
<pin id="186" dir="0" index="3" bw="0" slack="2147483647"/>
<pin id="187" dir="1" index="4" bw="12" slack="1"/>
</pin_list>
<bind>
<opcode="phi(47) " fcode="phi"/>
<opset="ch2/5 "/>
</bind>
</comp>

<comp id="189" class="1004" name="tmp_3_fu_189">
<pin_list>
<pin id="190" dir="0" index="0" bw="30" slack="0"/>
<pin id="191" dir="0" index="1" bw="32" slack="0"/>
<pin id="192" dir="0" index="2" bw="3" slack="0"/>
<pin id="193" dir="0" index="3" bw="6" slack="0"/>
<pin id="194" dir="1" index="4" bw="30" slack="0"/>
</pin_list>
<bind>
<opcode="partselect(1002) " fcode="partselect"/>
<opset="tmp_3/1 "/>
</bind>
</comp>

<comp id="199" class="1004" name="tmp_3_cast_fu_199">
<pin_list>
<pin id="200" dir="0" index="0" bw="30" slack="0"/>
<pin id="201" dir="1" index="1" bw="31" slack="2"/>
</pin_list>
<bind>
<opcode="zext(34) " fcode="zext"/>
<opset="tmp_3_cast/1 "/>
</bind>
</comp>

<comp id="203" class="1004" name="tmp_fu_203">
<pin_list>
<pin id="204" dir="0" index="0" bw="32" slack="0"/>
<pin id="205" dir="0" index="1" bw="1" slack="0"/>
<pin id="206" dir="1" index="2" bw="1" slack="0"/>
</pin_list>
<bind>
<opcode="icmp(45) " fcode="icmp"/>
<opset="tmp/1 "/>
</bind>
</comp>

<comp id="209" class="1004" name="tmp_4_fu_209">
<pin_list>
<pin id="210" dir="0" index="0" bw="32" slack="0"/>
<pin id="211" dir="1" index="1" bw="31" slack="0"/>
</pin_list>
<bind>
<opcode="trunc(33) " fcode="trunc"/>
<opset="tmp_4/1 "/>
</bind>
</comp>

<comp id="213" class="1004" name="p_sample_count_fu_213">
<pin_list>
<pin id="214" dir="0" index="0" bw="1" slack="0"/>
<pin id="215" dir="0" index="1" bw="1" slack="0"/>
<pin id="216" dir="0" index="2" bw="31" slack="0"/>
<pin id="217" dir="1" index="3" bw="31" slack="0"/>
</pin_list>
<bind>
<opcode="select(49) " fcode="select"/>
<opset="p_sample_count/1 "/>
</bind>
</comp>

<comp id="221" class="1004" name="tmp_7_fu_221">
<pin_list>
<pin id="222" dir="0" index="0" bw="31" slack="0"/>
<pin id="223" dir="1" index="1" bw="17" slack="0"/>
</pin_list>
<bind>
<opcode="trunc(33) " fcode="trunc"/>
<opset="tmp_7/1 "/>
</bind>
</comp>

<comp id="225" class="1004" name="tmp_1_fu_225">
<pin_list>
<pin id="226" dir="0" index="0" bw="31" slack="0"/>
<pin id="227" dir="0" index="1" bw="18" slack="0"/>
<pin id="228" dir="1" index="2" bw="1" slack="0"/>
</pin_list>
<bind>
<opcode="icmp(45) " fcode="icmp"/>
<opset="tmp_1/1 "/>
</bind>
</comp>

<comp id="231" class="1004" name="n_1_fu_231">
<pin_list>
<pin id="232" dir="0" index="0" bw="1" slack="0"/>
<pin id="233" dir="0" index="1" bw="17" slack="0"/>
<pin id="234" dir="0" index="2" bw="17" slack="0"/>
<pin id="235" dir="1" index="3" bw="17" slack="1"/>
</pin_list>
<bind>
<opcode="select(49) " fcode="select"/>
<opset="n_1/1 "/>
</bind>
</comp>

<comp id="239" class="1004" name="tmp_2_fu_239">
<pin_list>
<pin id="240" dir="0" index="0" bw="32" slack="0"/>
<pin id="241" dir="0" index="1" bw="1" slack="0"/>
<pin id="242" dir="1" index="2" bw="1" slack="1"/>
</pin_list>
<bind>
<opcode="icmp(45) " fcode="icmp"/>
<opset="tmp_2/1 "/>
</bind>
</comp>

<comp id="245" class="1004" name="exitcond_fu_245">
<pin_list>
<pin id="246" dir="0" index="0" bw="17" slack="0"/>
<pin id="247" dir="0" index="1" bw="17" slack="1"/>
<pin id="248" dir="1" index="2" bw="1" slack="1"/>
</pin_list>
<bind>
<opcode="icmp(45) " fcode="icmp"/>
<opset="exitcond/2 "/>
</bind>
</comp>

<comp id="250" class="1004" name="i_1_fu_250">
<pin_list>
<pin id="251" dir="0" index="0" bw="17" slack="0"/>
<pin id="252" dir="0" index="1" bw="1" slack="0"/>
<pin id="253" dir="1" index="2" bw="17" slack="0"/>
</pin_list>
<bind>
<opcode="add(8) " fcode="add"/>
<opset="i_1/2 "/>
</bind>
</comp>

<comp id="256" class="1004" name="tmp_cast_fu_256">
<pin_list>
<pin id="257" dir="0" index="0" bw="17" slack="1"/>
<pin id="258" dir="1" index="1" bw="31" slack="0"/>
</pin_list>
<bind>
<opcode="zext(34) " fcode="zext"/>
<opset="tmp_cast/3 "/>
</bind>
</comp>

<comp id="260" class="1004" name="buffer2_sum_fu_260">
<pin_list>
<pin id="261" dir="0" index="0" bw="17" slack="0"/>
<pin id="262" dir="0" index="1" bw="30" slack="2"/>
<pin id="263" dir="1" index="2" bw="31" slack="1"/>
</pin_list>
<bind>
<opcode="add(8) " fcode="add"/>
<opset="buffer2_sum/3 "/>
</bind>
</comp>

<comp id="265" class="1004" name="phase_fu_265">
<pin_list>
<pin id="266" dir="0" index="0" bw="17" slack="2"/>
<pin id="267" dir="1" index="1" bw="8" slack="0"/>
</pin_list>
<bind>
<opcode="trunc(33) " fcode="trunc"/>
<opset="phase/4 "/>
</bind>
</comp>

<comp id="269" class="1004" name="tmp_10_fu_269">
<pin_list>
<pin id="270" dir="0" index="0" bw="1" slack="0"/>
<pin id="271" dir="0" index="1" bw="17" slack="2"/>
<pin id="272" dir="0" index="2" bw="4" slack="0"/>
<pin id="273" dir="1" index="3" bw="1" slack="0"/>
</pin_list>
<bind>
<opcode="bitselect(1000) " fcode="bitselect"/>
<opset="tmp_10/4 "/>
</bind>
</comp>

<comp id="277" class="1004" name="tri_fu_277">
<pin_list>
<pin id="278" dir="0" index="0" bw="12" slack="0"/>
<pin id="279" dir="0" index="1" bw="8" slack="0"/>
<pin id="280" dir="0" index="2" bw="1" slack="0"/>
<pin id="281" dir="1" index="3" bw="12" slack="0"/>
</pin_list>
<bind>
<opcode="bitconcatenate(1004) " fcode="bitconcatenate"/>
<opset="tri/4 "/>
</bind>
</comp>

<comp id="285" class="1004" name="tri_1_fu_285">
<pin_list>
<pin id="286" dir="0" index="0" bw="12" slack="0"/>
<pin id="287" dir="0" index="1" bw="5" slack="0"/>
<pin id="288" dir="1" index="2" bw="12" slack="0"/>
</pin_list>
<bind>
<opcode="xor(25) " fcode="xor"/>
<opset="tri_1/4 "/>
</bind>
</comp>

<comp id="291" class="1004" name="tri_3_fu_291">
<pin_list>
<pin id="292" dir="0" index="0" bw="1" slack="0"/>
<pin id="293" dir="0" index="1" bw="12" slack="0"/>
<pin id="294" dir="0" index="2" bw="12" slack="0"/>
<pin id="295" dir="1" index="3" bw="12" slack="0"/>
</pin_list>
<bind>
<opcode="select(49) " fcode="select"/>
<opset="tri_3/4 "/>
</bind>
</comp>

<comp id="299" class="1004" name="tmp_11_fu_299">
<pin_list>
<pin id="300" dir="0" index="0" bw="32" slack="0"/>
<pin id="301" dir="1" index="1" bw="12" slack="1"/>
</pin_list>
<bind>
<opcode="trunc(33) " fcode="trunc"/>
<opset="tmp_11/4 "/>
</bind>
</comp>

<comp id="303" class="1004" name="p_Result_1_fu_303">
<pin_list>
<pin id="304" dir="0" index="0" bw="12" slack="0"/>
<pin id="305" dir="0" index="1" bw="32" slack="0"/>
<pin id="306" dir="0" index="2" bw="6" slack="0"/>
<pin id="307" dir="0" index="3" bw="6" slack="0"/>
<pin id="308" dir="1" index="4" bw="12" slack="1"/>
</pin_list>
<bind>
<opcode="partselect(1002) " fcode="partselect"/>
<opset="p_Result_1/4 "/>
</bind>
</comp>

<comp id="313" class="1004" name="p_lshr_f_fu_313">
<pin_list>
<pin id="314" dir="0" index="0" bw="11" slack="0"/>
<pin id="315" dir="0" index="1" bw="12" slack="0"/>
<pin id="316" dir="0" index="2" bw="1" slack="0"/>
<pin id="317" dir="0" index="3" bw="5" slack="0"/>
<pin id="318" dir="1" index="4" bw="11" slack="0"/>
</pin_list>
<bind>
<opcode="partselect(1002) " fcode="partselect"/>
<opset="p_lshr_f/4 "/>
</bind>
</comp>

<comp id="323" class="1004" name="tmp_9_fu_323">
<pin_list>
<pin id="324" dir="0" index="0" bw="11" slack="0"/>
<pin id="325" dir="1" index="1" bw="12" slack="1"/>
</pin_list>
<bind>
<opcode="zext(34) " fcode="zext"/>
<opset="tmp_9/4 "/>
</bind>
</comp>

<comp id="327" class="1004" name="buffer2_sum_cast_fu_327">
<pin_list>
<pin id="328" dir="0" index="0" bw="31" slack="1"/>
<pin id="329" dir="1" index="1" bw="64" slack="0"/>
</pin_list>
<bind>
<opcode="zext(34) " fcode="zext"/>
<opset="buffer2_sum_cast/4 "/>
</bind>
</comp>

<comp id="330" class="1004" name="GMEM_addr_fu_330">
<pin_list>
<pin id="331" dir="0" index="0" bw="32" slack="0"/>
<pin id="332" dir="0" index="1" bw="31" slack="0"/>
<pin id="333" dir="1" index="2" bw="32" slack="0"/>
</pin_list>
<bind>
<opcode="getelementptr(29) " fcode="getelementptr"/>
<opset="GMEM_addr/4 "/>
</bind>
</comp>

<comp id="337" class="1004" name="tmp_5_fu_337">
<pin_list>
<pin id="338" dir="0" index="0" bw="17" slack="2"/>
<pin id="339" dir="0" index="1" bw="17" slack="0"/>
<pin id="340" dir="1" index="2" bw="17" slack="0"/>
</pin_list>
<bind>
<opcode="xor(25) " fcode="xor"/>
<opset="tmp_5/4 "/>
</bind>
</comp>

<comp id="343" class="1004" name="tmp_7_cast_fu_343">
<pin_list>
<pin id="344" dir="0" index="0" bw="17" slack="0"/>
<pin id="345" dir="1" index="1" bw="31" slack="0"/>
</pin_list>
<bind>
<opcode="zext(34) " fcode="zext"/>
<opset="tmp_7_cast/4 "/>
</bind>
</comp>

<comp id="347" class="1004" name="buffer2_sum3_fu_347">
<pin_list>
<pin id="348" dir="0" index="0" bw="17" slack="0"/>
<pin id="349" dir="0" index="1" bw="30" slack="3"/>
<pin id="350" dir="1" index="2" bw="31" slack="1"/>
</pin_list>
<bind>
<opcode="add(8) " fcode="add"/>
<opset="buffer2_sum3/4 "/>
</bind>
</comp>

<comp id="352" class="1004" name="ch_cast_fu_352">
<pin_list>
<pin id="353" dir="0" index="0" bw="12" slack="0"/>
<pin id="354" dir="1" index="1" bw="32" slack="0"/>
</pin_list>
<bind>
<opcode="zext(34) " fcode="zext"/>
<opset="ch_cast/5 "/>
</bind>
</comp>

<comp id="357" class="1004" name="buffer2_sum3_cast_fu_357">
<pin_list>
<pin id="358" dir="0" index="0" bw="31" slack="1"/>
<pin id="359" dir="1" index="1" bw="64" slack="0"/>
</pin_list>
<bind>
<opcode="zext(34) " fcode="zext"/>
<opset="buffer2_sum3_cast/5 "/>
</bind>
</comp>

<comp id="360" class="1004" name="GMEM_addr_1_fu_360">
<pin_list>
<pin id="361" dir="0" index="0" bw="32" slack="0"/>
<pin id="362" dir="0" index="1" bw="31" slack="0"/>
<pin id="363" dir="1" index="2" bw="32" slack="0"/>
</pin_list>
<bind>
<opcode="getelementptr(29) " fcode="getelementptr"/>
<opset="GMEM_addr_1/5 "/>
</bind>
</comp>

<comp id="367" class="1004" name="ch2_cast_fu_367">
<pin_list>
<pin id="368" dir="0" index="0" bw="12" slack="1"/>
<pin id="369" dir="1" index="1" bw="32" slack="0"/>
</pin_list>
<bind>
<opcode="zext(34) " fcode="zext"/>
<opset="ch2_cast/6 "/>
</bind>
</comp>

<comp id="372" class="1005" name="tmp_3_cast_reg_372">
<pin_list>
<pin id="373" dir="0" index="0" bw="31" slack="2"/>
<pin id="374" dir="1" index="1" bw="31" slack="2"/>
</pin_list>
<bind>
<opset="tmp_3_cast "/>
</bind>
</comp>

<comp id="378" class="1005" name="n_1_reg_378">
<pin_list>
<pin id="379" dir="0" index="0" bw="17" slack="1"/>
<pin id="380" dir="1" index="1" bw="17" slack="1"/>
</pin_list>
<bind>
<opset="n_1 "/>
</bind>
</comp>

<comp id="383" class="1005" name="tmp_2_reg_383">
<pin_list>
<pin id="384" dir="0" index="0" bw="1" slack="1"/>
<pin id="385" dir="1" index="1" bw="1" slack="2147483647"/>
</pin_list>
<bind>
<opset="tmp_2 "/>
</bind>
</comp>

<comp id="387" class="1005" name="exitcond_reg_387">
<pin_list>
<pin id="388" dir="0" index="0" bw="1" slack="1"/>
<pin id="389" dir="1" index="1" bw="1" slack="2147483647"/>
</pin_list>
<bind>
<opset="exitcond "/>
</bind>
</comp>

<comp id="391" class="1005" name="i_1_reg_391">
<pin_list>
<pin id="392" dir="0" index="0" bw="17" slack="0"/>
<pin id="393" dir="1" index="1" bw="17" slack="0"/>
</pin_list>
<bind>
<opset="i_1 "/>
</bind>
</comp>

<comp id="396" class="1005" name="buffer2_sum_reg_396">
<pin_list>
<pin id="397" dir="0" index="0" bw="31" slack="1"/>
<pin id="398" dir="1" index="1" bw="31" slack="1"/>
</pin_list>
<bind>
<opset="buffer2_sum "/>
</bind>
</comp>

<comp id="401" class="1005" name="tri_3_reg_401">
<pin_list>
<pin id="402" dir="0" index="0" bw="12" slack="1"/>
<pin id="403" dir="1" index="1" bw="12" slack="1"/>
</pin_list>
<bind>
<opset="tri_3 "/>
</bind>
</comp>

<comp id="406" class="1005" name="tmp_11_reg_406">
<pin_list>
<pin id="407" dir="0" index="0" bw="12" slack="1"/>
<pin id="408" dir="1" index="1" bw="12" slack="1"/>
</pin_list>
<bind>
<opset="tmp_11 "/>
</bind>
</comp>

<comp id="411" class="1005" name="p_Result_1_reg_411">
<pin_list>
<pin id="412" dir="0" index="0" bw="12" slack="1"/>
<pin id="413" dir="1" index="1" bw="12" slack="1"/>
</pin_list>
<bind>
<opset="p_Result_1 "/>
</bind>
</comp>

<comp id="416" class="1005" name="tmp_9_reg_416">
<pin_list>
<pin id="417" dir="0" index="0" bw="12" slack="1"/>
<pin id="418" dir="1" index="1" bw="12" slack="1"/>
</pin_list>
<bind>
<opset="tmp_9 "/>
</bind>
</comp>

<comp id="421" class="1005" name="GMEM_addr_reg_421">
<pin_list>
<pin id="422" dir="0" index="0" bw="32" slack="1"/>
<pin id="423" dir="1" index="1" bw="32" slack="1"/>
</pin_list>
<bind>
<opset="GMEM_addr "/>
</bind>
</comp>

<comp id="427" class="1005" name="buffer2_sum3_reg_427">
<pin_list>
<pin id="428" dir="0" index="0" bw="31" slack="1"/>
<pin id="429" dir="1" index="1" bw="31" slack="1"/>
</pin_list>
<bind>
<opset="buffer2_sum3 "/>
</bind>
</comp>

<comp id="432" class="1005" name="GMEM_addr_1_reg_432">
<pin_list>
<pin id="433" dir="0" index="0" bw="32" slack="1"/>
<pin id="434" dir="1" index="1" bw="32" slack="1"/>
</pin_list>
<bind>
<opset="GMEM_addr_1 "/>
</bind>
</comp>

</comp_list>

<net_list>
<net id="106"><net_src comp="10" pin="0"/><net_sink comp="102" pin=0"/></net>

<net id="107"><net_src comp="6" pin="0"/><net_sink comp="102" pin=1"/></net>

<net id="112"><net_src comp="10" pin="0"/><net_sink comp="108" pin=0"/></net>

<net id="113"><net_src comp="4" pin="0"/><net_sink comp="108" pin=1"/></net>

<net id="118"><net_src comp="10" pin="0"/><net_sink comp="114" pin=0"/></net>

<net id="119"><net_src comp="2" pin="0"/><net_sink comp="114" pin=1"/></net>

<net id="124"><net_src comp="60" pin="0"/><net_sink comp="120" pin=0"/></net>

<net id="125"><net_src comp="8" pin="0"/><net_sink comp="120" pin=1"/></net>

<net id="131"><net_src comp="80" pin="0"/><net_sink comp="126" pin=0"/></net>

<net id="132"><net_src comp="42" pin="0"/><net_sink comp="126" pin=2"/></net>

<net id="139"><net_src comp="82" pin="0"/><net_sink comp="133" pin=0"/></net>

<net id="140"><net_src comp="84" pin="0"/><net_sink comp="133" pin=3"/></net>

<net id="146"><net_src comp="80" pin="0"/><net_sink comp="141" pin=0"/></net>

<net id="147"><net_src comp="42" pin="0"/><net_sink comp="141" pin=2"/></net>

<net id="148"><net_src comp="86" pin="0"/><net_sink comp="126" pin=0"/></net>

<net id="155"><net_src comp="82" pin="0"/><net_sink comp="149" pin=0"/></net>

<net id="156"><net_src comp="84" pin="0"/><net_sink comp="149" pin=3"/></net>

<net id="157"><net_src comp="86" pin="0"/><net_sink comp="141" pin=0"/></net>

<net id="161"><net_src comp="56" pin="0"/><net_sink comp="158" pin=0"/></net>

<net id="168"><net_src comp="158" pin="1"/><net_sink comp="162" pin=0"/></net>

<net id="169"><net_src comp="162" pin="4"/><net_sink comp="158" pin=0"/></net>

<net id="188"><net_src comp="182" pin="4"/><net_sink comp="179" pin=0"/></net>

<net id="195"><net_src comp="12" pin="0"/><net_sink comp="189" pin=0"/></net>

<net id="196"><net_src comp="114" pin="2"/><net_sink comp="189" pin=1"/></net>

<net id="197"><net_src comp="14" pin="0"/><net_sink comp="189" pin=2"/></net>

<net id="198"><net_src comp="16" pin="0"/><net_sink comp="189" pin=3"/></net>

<net id="202"><net_src comp="189" pin="4"/><net_sink comp="199" pin=0"/></net>

<net id="207"><net_src comp="108" pin="2"/><net_sink comp="203" pin=0"/></net>

<net id="208"><net_src comp="42" pin="0"/><net_sink comp="203" pin=1"/></net>

<net id="212"><net_src comp="108" pin="2"/><net_sink comp="209" pin=0"/></net>

<net id="218"><net_src comp="203" pin="2"/><net_sink comp="213" pin=0"/></net>

<net id="219"><net_src comp="50" pin="0"/><net_sink comp="213" pin=1"/></net>

<net id="220"><net_src comp="209" pin="1"/><net_sink comp="213" pin=2"/></net>

<net id="224"><net_src comp="213" pin="3"/><net_sink comp="221" pin=0"/></net>

<net id="229"><net_src comp="213" pin="3"/><net_sink comp="225" pin=0"/></net>

<net id="230"><net_src comp="52" pin="0"/><net_sink comp="225" pin=1"/></net>

<net id="236"><net_src comp="225" pin="2"/><net_sink comp="231" pin=0"/></net>

<net id="237"><net_src comp="54" pin="0"/><net_sink comp="231" pin=1"/></net>

<net id="238"><net_src comp="221" pin="1"/><net_sink comp="231" pin=2"/></net>

<net id="243"><net_src comp="102" pin="2"/><net_sink comp="239" pin=0"/></net>

<net id="244"><net_src comp="28" pin="0"/><net_sink comp="239" pin=1"/></net>

<net id="249"><net_src comp="162" pin="4"/><net_sink comp="245" pin=0"/></net>

<net id="254"><net_src comp="162" pin="4"/><net_sink comp="250" pin=0"/></net>

<net id="255"><net_src comp="58" pin="0"/><net_sink comp="250" pin=1"/></net>

<net id="259"><net_src comp="158" pin="1"/><net_sink comp="256" pin=0"/></net>

<net id="264"><net_src comp="256" pin="1"/><net_sink comp="260" pin=0"/></net>

<net id="268"><net_src comp="158" pin="1"/><net_sink comp="265" pin=0"/></net>

<net id="274"><net_src comp="62" pin="0"/><net_sink comp="269" pin=0"/></net>

<net id="275"><net_src comp="158" pin="1"/><net_sink comp="269" pin=1"/></net>

<net id="276"><net_src comp="64" pin="0"/><net_sink comp="269" pin=2"/></net>

<net id="282"><net_src comp="66" pin="0"/><net_sink comp="277" pin=0"/></net>

<net id="283"><net_src comp="265" pin="1"/><net_sink comp="277" pin=1"/></net>

<net id="284"><net_src comp="68" pin="0"/><net_sink comp="277" pin=2"/></net>

<net id="289"><net_src comp="277" pin="3"/><net_sink comp="285" pin=0"/></net>

<net id="290"><net_src comp="70" pin="0"/><net_sink comp="285" pin=1"/></net>

<net id="296"><net_src comp="269" pin="3"/><net_sink comp="291" pin=0"/></net>

<net id="297"><net_src comp="285" pin="2"/><net_sink comp="291" pin=1"/></net>

<net id="298"><net_src comp="277" pin="3"/><net_sink comp="291" pin=2"/></net>

<net id="302"><net_src comp="120" pin="2"/><net_sink comp="299" pin=0"/></net>

<net id="309"><net_src comp="72" pin="0"/><net_sink comp="303" pin=0"/></net>

<net id="310"><net_src comp="120" pin="2"/><net_sink comp="303" pin=1"/></net>

<net id="311"><net_src comp="38" pin="0"/><net_sink comp="303" pin=2"/></net>

<net id="312"><net_src comp="74" pin="0"/><net_sink comp="303" pin=3"/></net>

<net id="319"><net_src comp="76" pin="0"/><net_sink comp="313" pin=0"/></net>

<net id="320"><net_src comp="291" pin="3"/><net_sink comp="313" pin=1"/></net>

<net id="321"><net_src comp="42" pin="0"/><net_sink comp="313" pin=2"/></net>

<net id="322"><net_src comp="78" pin="0"/><net_sink comp="313" pin=3"/></net>

<net id="326"><net_src comp="313" pin="4"/><net_sink comp="323" pin=0"/></net>

<net id="334"><net_src comp="0" pin="0"/><net_sink comp="330" pin=0"/></net>

<net id="335"><net_src comp="327" pin="1"/><net_sink comp="330" pin=1"/></net>

<net id="336"><net_src comp="330" pin="2"/><net_sink comp="126" pin=1"/></net>

<net id="341"><net_src comp="158" pin="1"/><net_sink comp="337" pin=0"/></net>

<net id="342"><net_src comp="54" pin="0"/><net_sink comp="337" pin=1"/></net>

<net id="346"><net_src comp="337" pin="2"/><net_sink comp="343" pin=0"/></net>

<net id="351"><net_src comp="343" pin="1"/><net_sink comp="347" pin=0"/></net>

<net id="355"><net_src comp="173" pin="4"/><net_sink comp="352" pin=0"/></net>

<net id="356"><net_src comp="352" pin="1"/><net_sink comp="133" pin=2"/></net>

<net id="364"><net_src comp="0" pin="0"/><net_sink comp="360" pin=0"/></net>

<net id="365"><net_src comp="357" pin="1"/><net_sink comp="360" pin=1"/></net>

<net id="366"><net_src comp="360" pin="2"/><net_sink comp="141" pin=1"/></net>

<net id="370"><net_src comp="179" pin="1"/><net_sink comp="367" pin=0"/></net>

<net id="371"><net_src comp="367" pin="1"/><net_sink comp="149" pin=2"/></net>

<net id="375"><net_src comp="199" pin="1"/><net_sink comp="372" pin=0"/></net>

<net id="376"><net_src comp="372" pin="1"/><net_sink comp="260" pin=1"/></net>

<net id="377"><net_src comp="372" pin="1"/><net_sink comp="347" pin=1"/></net>

<net id="381"><net_src comp="231" pin="3"/><net_sink comp="378" pin=0"/></net>

<net id="382"><net_src comp="378" pin="1"/><net_sink comp="245" pin=1"/></net>

<net id="386"><net_src comp="239" pin="2"/><net_sink comp="383" pin=0"/></net>

<net id="390"><net_src comp="245" pin="2"/><net_sink comp="387" pin=0"/></net>

<net id="394"><net_src comp="250" pin="2"/><net_sink comp="391" pin=0"/></net>

<net id="395"><net_src comp="391" pin="1"/><net_sink comp="162" pin=2"/></net>

<net id="399"><net_src comp="260" pin="2"/><net_sink comp="396" pin=0"/></net>

<net id="400"><net_src comp="396" pin="1"/><net_sink comp="327" pin=0"/></net>

<net id="404"><net_src comp="291" pin="3"/><net_sink comp="401" pin=0"/></net>

<net id="405"><net_src comp="401" pin="1"/><net_sink comp="173" pin=0"/></net>

<net id="409"><net_src comp="299" pin="1"/><net_sink comp="406" pin=0"/></net>

<net id="410"><net_src comp="406" pin="1"/><net_sink comp="173" pin=2"/></net>

<net id="414"><net_src comp="303" pin="4"/><net_sink comp="411" pin=0"/></net>

<net id="415"><net_src comp="411" pin="1"/><net_sink comp="182" pin=2"/></net>

<net id="419"><net_src comp="323" pin="1"/><net_sink comp="416" pin=0"/></net>

<net id="420"><net_src comp="416" pin="1"/><net_sink comp="182" pin=0"/></net>

<net id="424"><net_src comp="330" pin="2"/><net_sink comp="421" pin=0"/></net>

<net id="425"><net_src comp="421" pin="1"/><net_sink comp="133" pin=1"/></net>

<net id="426"><net_src comp="421" pin="1"/><net_sink comp="126" pin=1"/></net>

<net id="430"><net_src comp="347" pin="2"/><net_sink comp="427" pin=0"/></net>

<net id="431"><net_src comp="427" pin="1"/><net_sink comp="357" pin=0"/></net>

<net id="435"><net_src comp="360" pin="2"/><net_sink comp="432" pin=0"/></net>

<net id="436"><net_src comp="432" pin="1"/><net_sink comp="149" pin=1"/></net>

<net id="437"><net_src comp="432" pin="1"/><net_sink comp="141" pin=1"/></net>

</net_list>

</model> 
---------------- Datapath Model END ------------------

* FSMD analyzer results:
  - Output states:
	Port: GMEM | {4 5 6 7 8 9 10 11 }
 - Input state : 
	Port: base_add : buffer_r | {1 }
	Port: base_add : sample_count | {1 }
	Port: base_add : capture_mode | {1 }
	Port: base_add : sample_stream_V_V | {3 }
  - Chain level:
	State 1
		tmp_3_cast : 1
		p_sample_count : 1
		tmp_7 : 2
		tmp_1 : 2
		n_1 : 3
	State 2
		exitcond : 1
		i_1 : 1
		StgValue_40 : 2
	State 3
		buffer2_sum : 1
	State 4
		tri : 1
		tri_1 : 2
		tri_3 : 2
		p_lshr_f : 3
		tmp_9 : 4
		GMEM_addr : 1
		GMEM_addr_req : 2
		buffer2_sum3 : 1
	State 5
		ch_cast : 1
		StgValue_66 : 2
		GMEM_addr_1 : 1
		GMEM_addr_1_req : 2
	State 6
		StgValue_72 : 1
	State 7
	State 8
	State 9
	State 10
	State 11
		empty : 1
	State 12


============================================================
+ Verbose Summary: Datapath Resource usage 
============================================================

* Functional unit list:
|----------|-------------------------------|---------|---------|
| Operation|        Functional Unit        |    FF   |   LUT   |
|----------|-------------------------------|---------|---------|
|          |           i_1_fu_250          |    0    |    24   |
|    add   |       buffer2_sum_fu_260      |    0    |    37   |
|          |      buffer2_sum3_fu_347      |    0    |    37   |
|----------|-------------------------------|---------|---------|
|          |           tmp_fu_203          |    0    |    18   |
|   icmp   |          tmp_1_fu_225         |    0    |    18   |
|          |          tmp_2_fu_239         |    0    |    18   |
|          |        exitcond_fu_245        |    0    |    18   |
|----------|-------------------------------|---------|---------|
|          |     p_sample_count_fu_213     |    0    |    31   |
|  select  |           n_1_fu_231          |    0    |    17   |
|          |          tri_3_fu_291         |    0    |    12   |
|----------|-------------------------------|---------|---------|
|    xor   |          tri_1_fu_285         |    0    |    12   |
|          |          tmp_5_fu_337         |    0    |    17   |
|----------|-------------------------------|---------|---------|
|          | capture_mode_read_read_fu_102 |    0    |    0    |
|   read   | sample_count_read_read_fu_108 |    0    |    0    |
|          |    buffer_read_read_fu_114    |    0    |    0    |
|          |        grp_read_fu_120        |    0    |    0    |
|----------|-------------------------------|---------|---------|
| writeresp|      grp_writeresp_fu_126     |    0    |    0    |
|          |      grp_writeresp_fu_141     |    0    |    0    |
|----------|-------------------------------|---------|---------|
|   write  |    StgValue_66_write_fu_133   |    0    |    0    |
|          |    StgValue_72_write_fu_149   |    0    |    0    |
|----------|-------------------------------|---------|---------|
|          |          tmp_3_fu_189         |    0    |    0    |
|partselect|       p_Result_1_fu_303       |    0    |    0    |
|          |        p_lshr_f_fu_313        |    0    |    0    |
|----------|-------------------------------|---------|---------|
|          |       tmp_3_cast_fu_199       |    0    |    0    |
|          |        tmp_cast_fu_256        |    0    |    0    |
|          |          tmp_9_fu_323         |    0    |    0    |
|   zext   |    buffer2_sum_cast_fu_327    |    0    |    0    |
|          |       tmp_7_cast_fu_343       |    0    |    0    |
|          |         ch_cast_fu_352        |    0    |    0    |
|          |    buffer2_sum3_cast_fu_357   |    0    |    0    |
|          |        ch2_cast_fu_367        |    0    |    0    |
|----------|-------------------------------|---------|---------|
|          |          tmp_4_fu_209         |    0    |    0    |
|   trunc  |          tmp_7_fu_221         |    0    |    0    |
|          |          phase_fu_265         |    0    |    0    |
|          |         tmp_11_fu_299         |    0    |    0    |
|----------|-------------------------------|---------|---------|
| bitselect|         tmp_10_fu_269         |    0    |    0    |
|----------|-------------------------------|---------|---------|
|bitconcatenate|           tri_fu_277          |    0    |    0    |
|----------|-------------------------------|---------|---------|
|   Total  |                               |    0    |   259   |
|----------|-------------------------------|---------|---------|

Memories:
N/A

* Register list:
+--------------------+--------+
|                    |   FF   |
+--------------------+--------+
| GMEM_addr_1_reg_432|   32   |
|  GMEM_addr_reg_421 |   32   |
|buffer2_sum3_reg_427|   31   |
| buffer2_sum_reg_396|   31   |
|     ch2_reg_179    |   12   |
|     ch_reg_170     |   12   |
|  exitcond_reg_387  |    1   |
|     i_1_reg_391    |   17   |
|      i_reg_158     |   17   |
|     n_1_reg_378    |   17   |
| p_Result_1_reg_411 |   12   |
|   tmp_11_reg_406   |   12   |
|    tmp_2_reg_383   |    1   |
| tmp_3_cast_reg_372 |   31   |
|    tmp_9_reg_416   |   12   |
|    tri_3_reg_401   |   12   |
+--------------------+--------+
|        Total       |   282  |
+--------------------+--------+

* Multiplexer (MUX) list: 
|----------------------|------|------|------|--------||---------||---------|
|         Comp         |  Pin | Size |  BW  | S x BW ||  Delay  ||   LUT   |
|----------------------|------|------|------|--------||---------||---------|
| grp_writeresp_fu_126 |  p0  |   2  |   1  |    2   |
| grp_writeresp_fu_126 |  p1  |   2  |  32  |   64   ||    9    |
| grp_writeresp_fu_141 |  p0  |   2  |   1  |    2   |
| grp_writeresp_fu_141 |  p1  |   2  |  32  |   64   ||    9    |
|       i_reg_158      |  p0  |   2  |  17  |   34   ||    9    |
|----------------------|------|------|------|--------||---------||---------|
|         Total        |      |      |      |   166  ||  8.845  ||    27   |
|----------------------|------|------|------|--------||---------||---------|



* Summary:
+-----------+--------+--------+--------+
|           |  Delay |   FF   |   LUT  |
+-----------+--------+--------+--------+
|  Function |    -   |    0   |   259  |
|   Memory  |    -   |    -   |    -   |
|Multiplexer|    8   |    -   |   27   |
|  Register |    -   |   282  |    -   |
+-----------+--------+--------+--------+
|   Total   |    8   |   282  |   286  |
+-----------+--------+--------+--------+
